{"D:\\Office folder\\nextjs\\Course Enrollment\\Backend\\form-api\\controllers\\admin.allCourses.js": {"path":"D:\\Office folder\\nextjs\\Course Enrollment\\Backend\\form-api\\controllers\\admin.allCourses.js","statementMap":{"0":{"start":{"line":1,"column":15},"end":{"line":1,"column":42}},"1":{"start":{"line":3,"column":0},"end":{"line":17,"column":2}},"2":{"start":{"line":4,"column":2},"end":{"line":16,"column":3}},"3":{"start":{"line":5,"column":20},"end":{"line":5,"column":39}},"4":{"start":{"line":7,"column":4},"end":{"line":10,"column":7}},"5":{"start":{"line":13,"column":4},"end":{"line":15,"column":7}}},"fnMap":{"0":{"name":"(anonymous_0)","decl":{"start":{"line":3,"column":24},"end":{"line":3,"column":25}},"loc":{"start":{"line":3,"column":44},"end":{"line":17,"column":1}},"line":3}},"branchMap":{},"s":{"0":1,"1":1,"2":2,"3":2,"4":1,"5":1},"f":{"0":2},"b":{},"_coverageSchema":"1a1c01bbd47fc00a2c39e90264f33305004495a9","hash":"53e9598640afe2debebc8e241fd01b64308787d8"}
,"D:\\Office folder\\nextjs\\Course Enrollment\\Backend\\form-api\\controllers\\admin.changeUserRole.js": {"path":"D:\\Office folder\\nextjs\\Course Enrollment\\Backend\\form-api\\controllers\\admin.changeUserRole.js","statementMap":{"0":{"start":{"line":1,"column":16},"end":{"line":1,"column":44}},"1":{"start":{"line":3,"column":0},"end":{"line":25,"column":2}},"2":{"start":{"line":4,"column":2},"end":{"line":24,"column":3}},"3":{"start":{"line":5,"column":21},"end":{"line":5,"column":29}},"4":{"start":{"line":7,"column":4},"end":{"line":9,"column":5}},"5":{"start":{"line":8,"column":6},"end":{"line":8,"column":63}},"6":{"start":{"line":11,"column":17},"end":{"line":15,"column":25}},"7":{"start":{"line":17,"column":4},"end":{"line":19,"column":5}},"8":{"start":{"line":18,"column":6},"end":{"line":18,"column":65}},"9":{"start":{"line":21,"column":4},"end":{"line":21,"column":19}},"10":{"start":{"line":23,"column":4},"end":{"line":23,"column":54}}},"fnMap":{"0":{"name":"(anonymous_0)","decl":{"start":{"line":3,"column":25},"end":{"line":3,"column":26}},"loc":{"start":{"line":3,"column":45},"end":{"line":25,"column":1}},"line":3}},"branchMap":{"0":{"loc":{"start":{"line":7,"column":4},"end":{"line":9,"column":5}},"type":"if","locations":[{"start":{"line":7,"column":4},"end":{"line":9,"column":5}},{"start":{},"end":{}}],"line":7},"1":{"loc":{"start":{"line":17,"column":4},"end":{"line":19,"column":5}},"type":"if","locations":[{"start":{"line":17,"column":4},"end":{"line":19,"column":5}},{"start":{},"end":{}}],"line":17}},"s":{"0":1,"1":1,"2":2,"3":2,"4":2,"5":1,"6":1,"7":1,"8":1,"9":0,"10":0},"f":{"0":2},"b":{"0":[1,1],"1":[1,0]},"_coverageSchema":"1a1c01bbd47fc00a2c39e90264f33305004495a9","hash":"37dd0c5f608e519544560ce7df32f80d135307e8"}
,"D:\\Office folder\\nextjs\\Course Enrollment\\Backend\\form-api\\controllers\\admin.createCourse.js": {"path":"D:\\Office folder\\nextjs\\Course Enrollment\\Backend\\form-api\\controllers\\admin.createCourse.js","statementMap":{"0":{"start":{"line":1,"column":15},"end":{"line":1,"column":42}},"1":{"start":{"line":3,"column":0},"end":{"line":38,"column":2}},"2":{"start":{"line":4,"column":2},"end":{"line":37,"column":3}},"3":{"start":{"line":5,"column":49},"end":{"line":5,"column":57}},"4":{"start":{"line":7,"column":4},"end":{"line":11,"column":5}},"5":{"start":{"line":8,"column":6},"end":{"line":10,"column":9}},"6":{"start":{"line":13,"column":27},"end":{"line":13,"column":58}},"7":{"start":{"line":14,"column":4},"end":{"line":18,"column":5}},"8":{"start":{"line":15,"column":6},"end":{"line":17,"column":9}},"9":{"start":{"line":20,"column":19},"end":{"line":26,"column":6}},"10":{"start":{"line":28,"column":4},"end":{"line":31,"column":7}},"11":{"start":{"line":34,"column":4},"end":{"line":36,"column":7}}},"fnMap":{"0":{"name":"(anonymous_0)","decl":{"start":{"line":3,"column":23},"end":{"line":3,"column":24}},"loc":{"start":{"line":3,"column":43},"end":{"line":38,"column":1}},"line":3}},"branchMap":{"0":{"loc":{"start":{"line":7,"column":4},"end":{"line":11,"column":5}},"type":"if","locations":[{"start":{"line":7,"column":4},"end":{"line":11,"column":5}},{"start":{},"end":{}}],"line":7},"1":{"loc":{"start":{"line":7,"column":8},"end":{"line":7,"column":27}},"type":"binary-expr","locations":[{"start":{"line":7,"column":8},"end":{"line":7,"column":14}},{"start":{"line":7,"column":18},"end":{"line":7,"column":27}}],"line":7},"2":{"loc":{"start":{"line":14,"column":4},"end":{"line":18,"column":5}},"type":"if","locations":[{"start":{"line":14,"column":4},"end":{"line":18,"column":5}},{"start":{},"end":{}}],"line":14},"3":{"loc":{"start":{"line":22,"column":16},"end":{"line":22,"column":30}},"type":"binary-expr","locations":[{"start":{"line":22,"column":16},"end":{"line":22,"column":24}},{"start":{"line":22,"column":28},"end":{"line":22,"column":30}}],"line":22},"4":{"loc":{"start":{"line":24,"column":13},"end":{"line":24,"column":32}},"type":"binary-expr","locations":[{"start":{"line":24,"column":13},"end":{"line":24,"column":18}},{"start":{"line":24,"column":22},"end":{"line":24,"column":32}}],"line":24}},"s":{"0":1,"1":1,"2":3,"3":3,"4":3,"5":1,"6":2,"7":2,"8":1,"9":1,"10":1,"11":0},"f":{"0":3},"b":{"0":[1,2],"1":[3,2],"2":[1,1],"3":[1,1],"4":[1,1]},"_coverageSchema":"1a1c01bbd47fc00a2c39e90264f33305004495a9","hash":"0f3b1e2999923794e6cea7fa59e337add3ff1406"}
,"D:\\Office folder\\nextjs\\Course Enrollment\\Backend\\form-api\\controllers\\admin.createLesson.js": {"path":"D:\\Office folder\\nextjs\\Course Enrollment\\Backend\\form-api\\controllers\\admin.createLesson.js","statementMap":{"0":{"start":{"line":1,"column":15},"end":{"line":1,"column":42}},"1":{"start":{"line":2,"column":15},"end":{"line":2,"column":42}},"2":{"start":{"line":4,"column":0},"end":{"line":29,"column":2}},"3":{"start":{"line":5,"column":2},"end":{"line":28,"column":3}},"4":{"start":{"line":6,"column":41},"end":{"line":6,"column":49}},"5":{"start":{"line":7,"column":25},"end":{"line":7,"column":35}},"6":{"start":{"line":9,"column":19},"end":{"line":9,"column":50}},"7":{"start":{"line":11,"column":4},"end":{"line":13,"column":5}},"8":{"start":{"line":12,"column":6},"end":{"line":12,"column":67}},"9":{"start":{"line":15,"column":19},"end":{"line":20,"column":6}},"10":{"start":{"line":22,"column":4},"end":{"line":25,"column":7}},"11":{"start":{"line":27,"column":4},"end":{"line":27,"column":54}}},"fnMap":{"0":{"name":"(anonymous_0)","decl":{"start":{"line":4,"column":23},"end":{"line":4,"column":24}},"loc":{"start":{"line":4,"column":43},"end":{"line":29,"column":1}},"line":4}},"branchMap":{"0":{"loc":{"start":{"line":11,"column":4},"end":{"line":13,"column":5}},"type":"if","locations":[{"start":{"line":11,"column":4},"end":{"line":13,"column":5}},{"start":{},"end":{}}],"line":11}},"s":{"0":1,"1":1,"2":1,"3":3,"4":3,"5":3,"6":3,"7":2,"8":1,"9":1,"10":1,"11":1},"f":{"0":3},"b":{"0":[1,1]},"_coverageSchema":"1a1c01bbd47fc00a2c39e90264f33305004495a9","hash":"62c28b0a3c06ca04353a17b2a7f1c14d9fe60a25"}
,"D:\\Office folder\\nextjs\\Course Enrollment\\Backend\\form-api\\controllers\\admin.createUser.js": {"path":"D:\\Office folder\\nextjs\\Course Enrollment\\Backend\\form-api\\controllers\\admin.createUser.js","statementMap":{"0":{"start":{"line":1,"column":16},"end":{"line":1,"column":44}},"1":{"start":{"line":2,"column":15},"end":{"line":2,"column":34}},"2":{"start":{"line":4,"column":0},"end":{"line":46,"column":2}},"3":{"start":{"line":5,"column":2},"end":{"line":45,"column":3}},"4":{"start":{"line":6,"column":59},"end":{"line":6,"column":67}},"5":{"start":{"line":8,"column":4},"end":{"line":12,"column":5}},"6":{"start":{"line":9,"column":6},"end":{"line":11,"column":9}},"7":{"start":{"line":14,"column":21},"end":{"line":14,"column":74}},"8":{"start":{"line":15,"column":4},"end":{"line":17,"column":5}},"9":{"start":{"line":16,"column":6},"end":{"line":16,"column":78}},"10":{"start":{"line":19,"column":27},"end":{"line":19,"column":58}},"11":{"start":{"line":22,"column":6},"end":{"line":22,"column":68}},"12":{"start":{"line":24,"column":17},"end":{"line":33,"column":6}},"13":{"start":{"line":35,"column":25},"end":{"line":35,"column":40}},"14":{"start":{"line":36,"column":4},"end":{"line":36,"column":33}},"15":{"start":{"line":38,"column":4},"end":{"line":41,"column":7}},"16":{"start":{"line":44,"column":4},"end":{"line":44,"column":63}}},"fnMap":{"0":{"name":"(anonymous_0)","decl":{"start":{"line":4,"column":21},"end":{"line":4,"column":22}},"loc":{"start":{"line":4,"column":41},"end":{"line":46,"column":1}},"line":4}},"branchMap":{"0":{"loc":{"start":{"line":8,"column":4},"end":{"line":12,"column":5}},"type":"if","locations":[{"start":{"line":8,"column":4},"end":{"line":12,"column":5}},{"start":{},"end":{}}],"line":8},"1":{"loc":{"start":{"line":8,"column":8},"end":{"line":8,"column":54}},"type":"binary-expr","locations":[{"start":{"line":8,"column":8},"end":{"line":8,"column":18}},{"start":{"line":8,"column":22},"end":{"line":8,"column":31}},{"start":{"line":8,"column":35},"end":{"line":8,"column":41}},{"start":{"line":8,"column":45},"end":{"line":8,"column":54}}],"line":8},"2":{"loc":{"start":{"line":15,"column":4},"end":{"line":17,"column":5}},"type":"if","locations":[{"start":{"line":15,"column":4},"end":{"line":17,"column":5}},{"start":{},"end":{}}],"line":15},"3":{"loc":{"start":{"line":22,"column":6},"end":{"line":22,"column":68}},"type":"cond-expr","locations":[{"start":{"line":22,"column":52},"end":{"line":22,"column":56}},{"start":{"line":22,"column":59},"end":{"line":22,"column":68}}],"line":22},"4":{"loc":{"start":{"line":22,"column":6},"end":{"line":22,"column":49}},"type":"binary-expr","locations":[{"start":{"line":22,"column":6},"end":{"line":22,"column":10}},{"start":{"line":22,"column":14},"end":{"line":22,"column":49}}],"line":22}},"s":{"0":1,"1":1,"2":1,"3":3,"4":3,"5":3,"6":1,"7":2,"8":2,"9":1,"10":1,"11":1,"12":1,"13":1,"14":1,"15":1,"16":0},"f":{"0":3},"b":{"0":[1,2],"1":[3,2,2,2],"2":[1,1],"3":[1,0],"4":[1,1]},"_coverageSchema":"1a1c01bbd47fc00a2c39e90264f33305004495a9","hash":"b2ae6e1761a4d3f59a85e1e523165b880958f2af"}
,"D:\\Office folder\\nextjs\\Course Enrollment\\Backend\\form-api\\controllers\\admin.dashboard.js": {"path":"D:\\Office folder\\nextjs\\Course Enrollment\\Backend\\form-api\\controllers\\admin.dashboard.js","statementMap":{"0":{"start":{"line":1,"column":16},"end":{"line":1,"column":44}},"1":{"start":{"line":2,"column":15},"end":{"line":2,"column":42}},"2":{"start":{"line":3,"column":19},"end":{"line":3,"column":50}},"3":{"start":{"line":4,"column":20},"end":{"line":4,"column":57}},"4":{"start":{"line":6,"column":0},"end":{"line":22,"column":2}},"5":{"start":{"line":7,"column":2},"end":{"line":21,"column":3}},"6":{"start":{"line":8,"column":23},"end":{"line":8,"column":53}},"7":{"start":{"line":9,"column":25},"end":{"line":9,"column":54}},"8":{"start":{"line":10,"column":29},"end":{"line":10,"column":62}},"9":{"start":{"line":11,"column":30},"end":{"line":11,"column":64}},"10":{"start":{"line":13,"column":4},"end":{"line":18,"column":7}},"11":{"start":{"line":20,"column":4},"end":{"line":20,"column":54}}},"fnMap":{"0":{"name":"(anonymous_0)","decl":{"start":{"line":6,"column":27},"end":{"line":6,"column":28}},"loc":{"start":{"line":6,"column":47},"end":{"line":22,"column":1}},"line":6}},"branchMap":{},"s":{"0":1,"1":1,"2":1,"3":1,"4":1,"5":2,"6":2,"7":1,"8":1,"9":1,"10":1,"11":1},"f":{"0":2},"b":{},"_coverageSchema":"1a1c01bbd47fc00a2c39e90264f33305004495a9","hash":"5af1c1cb832f9297299ebe51c85b397b425c8467"}
,"D:\\Office folder\\nextjs\\Course Enrollment\\Backend\\form-api\\controllers\\admin.deleteCourse.js": {"path":"D:\\Office folder\\nextjs\\Course Enrollment\\Backend\\form-api\\controllers\\admin.deleteCourse.js","statementMap":{"0":{"start":{"line":1,"column":15},"end":{"line":1,"column":42}},"1":{"start":{"line":3,"column":0},"end":{"line":26,"column":2}},"2":{"start":{"line":4,"column":2},"end":{"line":25,"column":3}},"3":{"start":{"line":5,"column":21},"end":{"line":5,"column":34}},"4":{"start":{"line":7,"column":19},"end":{"line":7,"column":50}},"5":{"start":{"line":9,"column":4},"end":{"line":13,"column":5}},"6":{"start":{"line":10,"column":6},"end":{"line":12,"column":9}},"7":{"start":{"line":15,"column":4},"end":{"line":15,"column":45}},"8":{"start":{"line":17,"column":4},"end":{"line":19,"column":7}},"9":{"start":{"line":22,"column":4},"end":{"line":24,"column":7}}},"fnMap":{"0":{"name":"(anonymous_0)","decl":{"start":{"line":3,"column":23},"end":{"line":3,"column":24}},"loc":{"start":{"line":3,"column":43},"end":{"line":26,"column":1}},"line":3}},"branchMap":{"0":{"loc":{"start":{"line":9,"column":4},"end":{"line":13,"column":5}},"type":"if","locations":[{"start":{"line":9,"column":4},"end":{"line":13,"column":5}},{"start":{},"end":{}}],"line":9}},"s":{"0":1,"1":1,"2":2,"3":2,"4":2,"5":2,"6":1,"7":1,"8":1,"9":0},"f":{"0":2},"b":{"0":[1,1]},"_coverageSchema":"1a1c01bbd47fc00a2c39e90264f33305004495a9","hash":"03e28ac6bfa9dbd47668d7f586bdb245a41058e8"}
,"D:\\Office folder\\nextjs\\Course Enrollment\\Backend\\form-api\\controllers\\admin.deleteLesson.js": {"path":"D:\\Office folder\\nextjs\\Course Enrollment\\Backend\\form-api\\controllers\\admin.deleteLesson.js","statementMap":{"0":{"start":{"line":1,"column":15},"end":{"line":1,"column":42}},"1":{"start":{"line":3,"column":0},"end":{"line":11,"column":2}},"2":{"start":{"line":4,"column":2},"end":{"line":10,"column":3}},"3":{"start":{"line":5,"column":4},"end":{"line":5,"column":56}},"4":{"start":{"line":7,"column":4},"end":{"line":7,"column":57}},"5":{"start":{"line":9,"column":4},"end":{"line":9,"column":54}}},"fnMap":{"0":{"name":"(anonymous_0)","decl":{"start":{"line":3,"column":23},"end":{"line":3,"column":24}},"loc":{"start":{"line":3,"column":43},"end":{"line":11,"column":1}},"line":3}},"branchMap":{},"s":{"0":1,"1":1,"2":2,"3":2,"4":1,"5":1},"f":{"0":2},"b":{},"_coverageSchema":"1a1c01bbd47fc00a2c39e90264f33305004495a9","hash":"e8f8885422b5215a515d3fe342107c998ee16441"}
,"D:\\Office folder\\nextjs\\Course Enrollment\\Backend\\form-api\\controllers\\admin.deleteUser.js": {"path":"D:\\Office folder\\nextjs\\Course Enrollment\\Backend\\form-api\\controllers\\admin.deleteUser.js","statementMap":{"0":{"start":{"line":1,"column":16},"end":{"line":1,"column":44}},"1":{"start":{"line":3,"column":0},"end":{"line":15,"column":2}},"2":{"start":{"line":4,"column":2},"end":{"line":14,"column":3}},"3":{"start":{"line":5,"column":17},"end":{"line":5,"column":63}},"4":{"start":{"line":7,"column":4},"end":{"line":9,"column":5}},"5":{"start":{"line":8,"column":6},"end":{"line":8,"column":65}},"6":{"start":{"line":11,"column":4},"end":{"line":11,"column":55}},"7":{"start":{"line":13,"column":4},"end":{"line":13,"column":54}}},"fnMap":{"0":{"name":"(anonymous_0)","decl":{"start":{"line":3,"column":21},"end":{"line":3,"column":22}},"loc":{"start":{"line":3,"column":41},"end":{"line":15,"column":1}},"line":3}},"branchMap":{"0":{"loc":{"start":{"line":7,"column":4},"end":{"line":9,"column":5}},"type":"if","locations":[{"start":{"line":7,"column":4},"end":{"line":9,"column":5}},{"start":{},"end":{}}],"line":7}},"s":{"0":1,"1":1,"2":2,"3":2,"4":2,"5":1,"6":1,"7":0},"f":{"0":2},"b":{"0":[1,1]},"_coverageSchema":"1a1c01bbd47fc00a2c39e90264f33305004495a9","hash":"8f74df0906b6d81f93d8a1c9ea4707fdcd4d9eb6"}
,"D:\\Office folder\\nextjs\\Course Enrollment\\Backend\\form-api\\controllers\\admin.enrolledBy.user.js": {"path":"D:\\Office folder\\nextjs\\Course Enrollment\\Backend\\form-api\\controllers\\admin.enrolledBy.user.js","statementMap":{"0":{"start":{"line":1,"column":19},"end":{"line":1,"column":50}},"1":{"start":{"line":3,"column":0},"end":{"line":20,"column":2}},"2":{"start":{"line":4,"column":2},"end":{"line":19,"column":3}},"3":{"start":{"line":5,"column":23},"end":{"line":5,"column":33}},"4":{"start":{"line":7,"column":24},"end":{"line":9,"column":5}},"5":{"start":{"line":11,"column":4},"end":{"line":15,"column":7}},"6":{"start":{"line":18,"column":4},"end":{"line":18,"column":69}}},"fnMap":{"0":{"name":"(anonymous_0)","decl":{"start":{"line":3,"column":33},"end":{"line":3,"column":34}},"loc":{"start":{"line":3,"column":53},"end":{"line":20,"column":1}},"line":3}},"branchMap":{},"s":{"0":1,"1":1,"2":1,"3":1,"4":1,"5":1,"6":0},"f":{"0":1},"b":{},"_coverageSchema":"1a1c01bbd47fc00a2c39e90264f33305004495a9","hash":"12799e59307cd3f7a81f8243565af4b8d656ed41"}
,"D:\\Office folder\\nextjs\\Course Enrollment\\Backend\\form-api\\controllers\\admin.getUser.js": {"path":"D:\\Office folder\\nextjs\\Course Enrollment\\Backend\\form-api\\controllers\\admin.getUser.js","statementMap":{"0":{"start":{"line":1,"column":16},"end":{"line":1,"column":44}},"1":{"start":{"line":3,"column":0},"end":{"line":15,"column":2}},"2":{"start":{"line":4,"column":2},"end":{"line":14,"column":3}},"3":{"start":{"line":5,"column":17},"end":{"line":5,"column":74}},"4":{"start":{"line":7,"column":4},"end":{"line":9,"column":5}},"5":{"start":{"line":8,"column":6},"end":{"line":8,"column":65}},"6":{"start":{"line":11,"column":4},"end":{"line":11,"column":19}},"7":{"start":{"line":13,"column":4},"end":{"line":13,"column":54}}},"fnMap":{"0":{"name":"(anonymous_0)","decl":{"start":{"line":3,"column":22},"end":{"line":3,"column":23}},"loc":{"start":{"line":3,"column":42},"end":{"line":15,"column":1}},"line":3}},"branchMap":{"0":{"loc":{"start":{"line":7,"column":4},"end":{"line":9,"column":5}},"type":"if","locations":[{"start":{"line":7,"column":4},"end":{"line":9,"column":5}},{"start":{},"end":{}}],"line":7}},"s":{"0":1,"1":1,"2":2,"3":2,"4":2,"5":1,"6":1,"7":0},"f":{"0":2},"b":{"0":[1,1]},"_coverageSchema":"1a1c01bbd47fc00a2c39e90264f33305004495a9","hash":"8a313a88a379fd69dbed898d4ec6ab0b3001a00e"}
,"D:\\Office folder\\nextjs\\Course Enrollment\\Backend\\form-api\\controllers\\admin.updateCourse.js": {"path":"D:\\Office folder\\nextjs\\Course Enrollment\\Backend\\form-api\\controllers\\admin.updateCourse.js","statementMap":{"0":{"start":{"line":1,"column":15},"end":{"line":1,"column":42}},"1":{"start":{"line":3,"column":0},"end":{"line":37,"column":2}},"2":{"start":{"line":4,"column":2},"end":{"line":36,"column":3}},"3":{"start":{"line":5,"column":21},"end":{"line":5,"column":34}},"4":{"start":{"line":8,"column":6},"end":{"line":8,"column":14}},"5":{"start":{"line":10,"column":19},"end":{"line":10,"column":50}},"6":{"start":{"line":12,"column":4},"end":{"line":16,"column":5}},"7":{"start":{"line":13,"column":6},"end":{"line":15,"column":9}},"8":{"start":{"line":18,"column":4},"end":{"line":18,"column":36}},"9":{"start":{"line":18,"column":15},"end":{"line":18,"column":36}},"10":{"start":{"line":19,"column":4},"end":{"line":19,"column":54}},"11":{"start":{"line":19,"column":21},"end":{"line":19,"column":54}},"12":{"start":{"line":20,"column":4},"end":{"line":20,"column":45}},"13":{"start":{"line":20,"column":18},"end":{"line":20,"column":45}},"14":{"start":{"line":21,"column":4},"end":{"line":21,"column":45}},"15":{"start":{"line":21,"column":18},"end":{"line":21,"column":45}},"16":{"start":{"line":22,"column":4},"end":{"line":22,"column":36}},"17":{"start":{"line":22,"column":15},"end":{"line":22,"column":36}},"18":{"start":{"line":23,"column":4},"end":{"line":23,"column":66}},"19":{"start":{"line":23,"column":39},"end":{"line":23,"column":66}},"20":{"start":{"line":25,"column":25},"end":{"line":25,"column":44}},"21":{"start":{"line":27,"column":4},"end":{"line":30,"column":7}},"22":{"start":{"line":33,"column":4},"end":{"line":35,"column":7}}},"fnMap":{"0":{"name":"(anonymous_0)","decl":{"start":{"line":3,"column":23},"end":{"line":3,"column":24}},"loc":{"start":{"line":3,"column":43},"end":{"line":37,"column":1}},"line":3}},"branchMap":{"0":{"loc":{"start":{"line":12,"column":4},"end":{"line":16,"column":5}},"type":"if","locations":[{"start":{"line":12,"column":4},"end":{"line":16,"column":5}},{"start":{},"end":{}}],"line":12},"1":{"loc":{"start":{"line":18,"column":4},"end":{"line":18,"column":36}},"type":"if","locations":[{"start":{"line":18,"column":4},"end":{"line":18,"column":36}},{"start":{},"end":{}}],"line":18},"2":{"loc":{"start":{"line":19,"column":4},"end":{"line":19,"column":54}},"type":"if","locations":[{"start":{"line":19,"column":4},"end":{"line":19,"column":54}},{"start":{},"end":{}}],"line":19},"3":{"loc":{"start":{"line":20,"column":4},"end":{"line":20,"column":45}},"type":"if","locations":[{"start":{"line":20,"column":4},"end":{"line":20,"column":45}},{"start":{},"end":{}}],"line":20},"4":{"loc":{"start":{"line":21,"column":4},"end":{"line":21,"column":45}},"type":"if","locations":[{"start":{"line":21,"column":4},"end":{"line":21,"column":45}},{"start":{},"end":{}}],"line":21},"5":{"loc":{"start":{"line":22,"column":4},"end":{"line":22,"column":36}},"type":"if","locations":[{"start":{"line":22,"column":4},"end":{"line":22,"column":36}},{"start":{},"end":{}}],"line":22},"6":{"loc":{"start":{"line":23,"column":4},"end":{"line":23,"column":66}},"type":"if","locations":[{"start":{"line":23,"column":4},"end":{"line":23,"column":66}},{"start":{},"end":{}}],"line":23}},"s":{"0":1,"1":1,"2":2,"3":2,"4":2,"5":2,"6":2,"7":1,"8":1,"9":1,"10":1,"11":0,"12":1,"13":0,"14":1,"15":0,"16":1,"17":0,"18":1,"19":0,"20":1,"21":1,"22":0},"f":{"0":2},"b":{"0":[1,1],"1":[1,0],"2":[0,1],"3":[0,1],"4":[0,1],"5":[0,1],"6":[0,1]},"_coverageSchema":"1a1c01bbd47fc00a2c39e90264f33305004495a9","hash":"68e821d1817b701cabfb31b2c0f9efa75bb7620e"}
,"D:\\Office folder\\nextjs\\Course Enrollment\\Backend\\form-api\\controllers\\admin.updateLesson.js": {"path":"D:\\Office folder\\nextjs\\Course Enrollment\\Backend\\form-api\\controllers\\admin.updateLesson.js","statementMap":{"0":{"start":{"line":1,"column":15},"end":{"line":1,"column":42}},"1":{"start":{"line":3,"column":0},"end":{"line":19,"column":2}},"2":{"start":{"line":4,"column":2},"end":{"line":18,"column":3}},"3":{"start":{"line":5,"column":19},"end":{"line":9,"column":5}},"4":{"start":{"line":11,"column":4},"end":{"line":13,"column":5}},"5":{"start":{"line":12,"column":6},"end":{"line":12,"column":67}},"6":{"start":{"line":15,"column":4},"end":{"line":15,"column":21}},"7":{"start":{"line":17,"column":4},"end":{"line":17,"column":54}}},"fnMap":{"0":{"name":"(anonymous_0)","decl":{"start":{"line":3,"column":23},"end":{"line":3,"column":24}},"loc":{"start":{"line":3,"column":43},"end":{"line":19,"column":1}},"line":3}},"branchMap":{"0":{"loc":{"start":{"line":11,"column":4},"end":{"line":13,"column":5}},"type":"if","locations":[{"start":{"line":11,"column":4},"end":{"line":13,"column":5}},{"start":{},"end":{}}],"line":11}},"s":{"0":1,"1":1,"2":3,"3":3,"4":2,"5":1,"6":1,"7":1},"f":{"0":3},"b":{"0":[1,1]},"_coverageSchema":"1a1c01bbd47fc00a2c39e90264f33305004495a9","hash":"a57cacb236ce7e94adfabc8f52f132469e950ce2"}
,"D:\\Office folder\\nextjs\\Course Enrollment\\Backend\\form-api\\controllers\\admin.viewUser.js": {"path":"D:\\Office folder\\nextjs\\Course Enrollment\\Backend\\form-api\\controllers\\admin.viewUser.js","statementMap":{"0":{"start":{"line":1,"column":13},"end":{"line":1,"column":41}},"1":{"start":{"line":3,"column":0},"end":{"line":17,"column":2}},"2":{"start":{"line":4,"column":2},"end":{"line":16,"column":3}},"3":{"start":{"line":5,"column":18},"end":{"line":5,"column":79}},"4":{"start":{"line":7,"column":4},"end":{"line":10,"column":7}},"5":{"start":{"line":13,"column":4},"end":{"line":15,"column":7}}},"fnMap":{"0":{"name":"(anonymous_0)","decl":{"start":{"line":3,"column":23},"end":{"line":3,"column":24}},"loc":{"start":{"line":3,"column":43},"end":{"line":17,"column":1}},"line":3}},"branchMap":{},"s":{"0":1,"1":1,"2":1,"3":1,"4":1,"5":0},"f":{"0":1},"b":{},"_coverageSchema":"1a1c01bbd47fc00a2c39e90264f33305004495a9","hash":"2c8349d97e99ae624f431eefea664fb607153f04"}
,"D:\\Office folder\\nextjs\\Course Enrollment\\Backend\\form-api\\controllers\\certificateController.js": {"path":"D:\\Office folder\\nextjs\\Course Enrollment\\Backend\\form-api\\controllers\\certificateController.js","statementMap":{"0":{"start":{"line":1,"column":20},"end":{"line":1,"column":57}},"1":{"start":{"line":2,"column":23},"end":{"line":2,"column":38}},"2":{"start":{"line":3,"column":31},"end":{"line":3,"column":71}},"3":{"start":{"line":5,"column":16},"end":{"line":5,"column":44}},"4":{"start":{"line":6,"column":15},"end":{"line":6,"column":42}},"5":{"start":{"line":7,"column":13},"end":{"line":7,"column":28}},"6":{"start":{"line":8,"column":11},"end":{"line":8,"column":24}},"7":{"start":{"line":11,"column":28},"end":{"line":54,"column":1}},"8":{"start":{"line":12,"column":2},"end":{"line":53,"column":3}},"9":{"start":{"line":13,"column":25},"end":{"line":13,"column":33}},"10":{"start":{"line":14,"column":22},"end":{"line":14,"column":33}},"11":{"start":{"line":16,"column":21},"end":{"line":19,"column":6}},"12":{"start":{"line":21,"column":4},"end":{"line":23,"column":5}},"13":{"start":{"line":22,"column":6},"end":{"line":22,"column":32}},"14":{"start":{"line":25,"column":20},"end":{"line":25,"column":53}},"15":{"start":{"line":26,"column":19},"end":{"line":26,"column":50}},"16":{"start":{"line":28,"column":4},"end":{"line":30,"column":5}},"17":{"start":{"line":29,"column":6},"end":{"line":29,"column":65}},"18":{"start":{"line":32,"column":26},"end":{"line":32,"column":34}},"19":{"start":{"line":34,"column":21},"end":{"line":39,"column":6}},"20":{"start":{"line":41,"column":24},"end":{"line":47,"column":6}},"21":{"start":{"line":49,"column":4},"end":{"line":49,"column":38}},"22":{"start":{"line":52,"column":4},"end":{"line":52,"column":71}},"23":{"start":{"line":57,"column":26},"end":{"line":82,"column":1}},"24":{"start":{"line":58,"column":2},"end":{"line":81,"column":3}},"25":{"start":{"line":59,"column":22},"end":{"line":59,"column":33}},"26":{"start":{"line":61,"column":25},"end":{"line":64,"column":30}},"27":{"start":{"line":66,"column":20},"end":{"line":66,"column":46}},"28":{"start":{"line":67,"column":30},"end":{"line":67,"column":32}},"29":{"start":{"line":68,"column":4},"end":{"line":76,"column":5}},"30":{"start":{"line":69,"column":18},"end":{"line":69,"column":64}},"31":{"start":{"line":70,"column":23},"end":{"line":70,"column":46}},"32":{"start":{"line":71,"column":6},"end":{"line":75,"column":7}},"33":{"start":{"line":72,"column":8},"end":{"line":72,"column":37}},"34":{"start":{"line":74,"column":8},"end":{"line":74,"column":70}},"35":{"start":{"line":78,"column":4},"end":{"line":78,"column":32}},"36":{"start":{"line":80,"column":4},"end":{"line":80,"column":70}},"37":{"start":{"line":84,"column":28},"end":{"line":111,"column":1}},"38":{"start":{"line":85,"column":2},"end":{"line":110,"column":3}},"39":{"start":{"line":86,"column":30},"end":{"line":86,"column":40}},"40":{"start":{"line":87,"column":22},"end":{"line":87,"column":33}},"41":{"start":{"line":89,"column":24},"end":{"line":92,"column":6}},"42":{"start":{"line":94,"column":4},"end":{"line":96,"column":5}},"43":{"start":{"line":95,"column":6},"end":{"line":95,"column":72}},"44":{"start":{"line":98,"column":16},"end":{"line":98,"column":69}},"45":{"start":{"line":99,"column":21},"end":{"line":99,"column":52}},"46":{"start":{"line":101,"column":4},"end":{"line":104,"column":5}},"47":{"start":{"line":102,"column":6},"end":{"line":102,"column":75}},"48":{"start":{"line":103,"column":6},"end":{"line":103,"column":77}},"49":{"start":{"line":106,"column":4},"end":{"line":106,"column":52}},"50":{"start":{"line":109,"column":4},"end":{"line":109,"column":54}},"51":{"start":{"line":113,"column":26},"end":{"line":135,"column":1}},"52":{"start":{"line":114,"column":2},"end":{"line":134,"column":3}},"53":{"start":{"line":115,"column":30},"end":{"line":115,"column":40}},"54":{"start":{"line":117,"column":24},"end":{"line":119,"column":36}},"55":{"start":{"line":121,"column":4},"end":{"line":123,"column":5}},"56":{"start":{"line":122,"column":6},"end":{"line":122,"column":70}},"57":{"start":{"line":125,"column":4},"end":{"line":131,"column":7}},"58":{"start":{"line":133,"column":4},"end":{"line":133,"column":54}},"59":{"start":{"line":137,"column":0},"end":{"line":142,"column":2}}},"fnMap":{"0":{"name":"(anonymous_0)","decl":{"start":{"line":11,"column":28},"end":{"line":11,"column":29}},"loc":{"start":{"line":11,"column":48},"end":{"line":54,"column":1}},"line":11},"1":{"name":"(anonymous_1)","decl":{"start":{"line":57,"column":26},"end":{"line":57,"column":27}},"loc":{"start":{"line":57,"column":46},"end":{"line":82,"column":1}},"line":57},"2":{"name":"(anonymous_2)","decl":{"start":{"line":74,"column":60},"end":{"line":74,"column":61}},"loc":{"start":{"line":74,"column":66},"end":{"line":74,"column":68}},"line":74},"3":{"name":"(anonymous_3)","decl":{"start":{"line":84,"column":28},"end":{"line":84,"column":29}},"loc":{"start":{"line":84,"column":48},"end":{"line":111,"column":1}},"line":84},"4":{"name":"(anonymous_4)","decl":{"start":{"line":102,"column":65},"end":{"line":102,"column":66}},"loc":{"start":{"line":102,"column":71},"end":{"line":102,"column":73}},"line":102},"5":{"name":"(anonymous_5)","decl":{"start":{"line":113,"column":26},"end":{"line":113,"column":27}},"loc":{"start":{"line":113,"column":46},"end":{"line":135,"column":1}},"line":113}},"branchMap":{"0":{"loc":{"start":{"line":21,"column":4},"end":{"line":23,"column":5}},"type":"if","locations":[{"start":{"line":21,"column":4},"end":{"line":23,"column":5}},{"start":{},"end":{}}],"line":21},"1":{"loc":{"start":{"line":28,"column":4},"end":{"line":30,"column":5}},"type":"if","locations":[{"start":{"line":28,"column":4},"end":{"line":30,"column":5}},{"start":{},"end":{}}],"line":28},"2":{"loc":{"start":{"line":28,"column":8},"end":{"line":28,"column":27}},"type":"binary-expr","locations":[{"start":{"line":28,"column":8},"end":{"line":28,"column":16}},{"start":{"line":28,"column":20},"end":{"line":28,"column":27}}],"line":28},"3":{"loc":{"start":{"line":38,"column":22},"end":{"line":38,"column":43}},"type":"binary-expr","locations":[{"start":{"line":38,"column":22},"end":{"line":38,"column":37}},{"start":{"line":38,"column":41},"end":{"line":38,"column":43}}],"line":38},"4":{"loc":{"start":{"line":45,"column":22},"end":{"line":45,"column":43}},"type":"binary-expr","locations":[{"start":{"line":45,"column":22},"end":{"line":45,"column":37}},{"start":{"line":45,"column":41},"end":{"line":45,"column":43}}],"line":45},"5":{"loc":{"start":{"line":69,"column":19},"end":{"line":69,"column":44}},"type":"binary-expr","locations":[{"start":{"line":69,"column":19},"end":{"line":69,"column":38}},{"start":{"line":69,"column":42},"end":{"line":69,"column":44}}],"line":69},"6":{"loc":{"start":{"line":71,"column":6},"end":{"line":75,"column":7}},"type":"if","locations":[{"start":{"line":71,"column":6},"end":{"line":75,"column":7}},{"start":{"line":73,"column":13},"end":{"line":75,"column":7}}],"line":71},"7":{"loc":{"start":{"line":94,"column":4},"end":{"line":96,"column":5}},"type":"if","locations":[{"start":{"line":94,"column":4},"end":{"line":96,"column":5}},{"start":{},"end":{}}],"line":94},"8":{"loc":{"start":{"line":98,"column":17},"end":{"line":98,"column":49}},"type":"binary-expr","locations":[{"start":{"line":98,"column":17},"end":{"line":98,"column":43}},{"start":{"line":98,"column":47},"end":{"line":98,"column":49}}],"line":98},"9":{"loc":{"start":{"line":101,"column":4},"end":{"line":104,"column":5}},"type":"if","locations":[{"start":{"line":101,"column":4},"end":{"line":104,"column":5}},{"start":{},"end":{}}],"line":101},"10":{"loc":{"start":{"line":121,"column":4},"end":{"line":123,"column":5}},"type":"if","locations":[{"start":{"line":121,"column":4},"end":{"line":123,"column":5}},{"start":{},"end":{}}],"line":121}},"s":{"0":1,"1":1,"2":1,"3":1,"4":1,"5":1,"6":1,"7":1,"8":4,"9":4,"10":4,"11":4,"12":3,"13":1,"14":2,"15":2,"16":2,"17":1,"18":1,"19":1,"20":1,"21":1,"22":1,"23":1,"24":2,"25":2,"26":2,"27":2,"28":2,"29":2,"30":2,"31":2,"32":2,"33":1,"34":1,"35":2,"36":0,"37":1,"38":3,"39":3,"40":3,"41":3,"42":3,"43":1,"44":2,"45":2,"46":2,"47":1,"48":1,"49":1,"50":0,"51":1,"52":2,"53":2,"54":2,"55":2,"56":1,"57":1,"58":0,"59":1},"f":{"0":4,"1":2,"2":0,"3":3,"4":0,"5":2},"b":{"0":[1,2],"1":[1,1],"2":[2,1],"3":[1,0],"4":[1,0],"5":[2,0],"6":[1,1],"7":[1,2],"8":[2,0],"9":[1,1],"10":[1,1]},"_coverageSchema":"1a1c01bbd47fc00a2c39e90264f33305004495a9","hash":"af4ed3e50cba0af11bdfd611532c370d74400fc5"}
,"D:\\Office folder\\nextjs\\Course Enrollment\\Backend\\form-api\\controllers\\dashboardController.js": {"path":"D:\\Office folder\\nextjs\\Course Enrollment\\Backend\\form-api\\controllers\\dashboardController.js","statementMap":{"0":{"start":{"line":1,"column":19},"end":{"line":1,"column":50}},"1":{"start":{"line":2,"column":15},"end":{"line":2,"column":42}},"2":{"start":{"line":4,"column":30},"end":{"line":4,"column":75}},"3":{"start":{"line":6,"column":0},"end":{"line":25,"column":2}},"4":{"start":{"line":7,"column":2},"end":{"line":24,"column":3}},"5":{"start":{"line":8,"column":19},"end":{"line":8,"column":30}},"6":{"start":{"line":10,"column":26},"end":{"line":12,"column":6}},"7":{"start":{"line":14,"column":20},"end":{"line":14,"column":55}},"8":{"start":{"line":15,"column":22},"end":{"line":17,"column":9}},"9":{"start":{"line":16,"column":35},"end":{"line":16,"column":49}},"10":{"start":{"line":18,"column":4},"end":{"line":21,"column":7}},"11":{"start":{"line":23,"column":4},"end":{"line":23,"column":60}}},"fnMap":{"0":{"name":"(anonymous_0)","decl":{"start":{"line":6,"column":28},"end":{"line":6,"column":29}},"loc":{"start":{"line":6,"column":48},"end":{"line":25,"column":1}},"line":6},"1":{"name":"(anonymous_1)","decl":{"start":{"line":16,"column":23},"end":{"line":16,"column":24}},"loc":{"start":{"line":16,"column":35},"end":{"line":16,"column":49}},"line":16}},"branchMap":{"0":{"loc":{"start":{"line":15,"column":22},"end":{"line":17,"column":9}},"type":"cond-expr","locations":[{"start":{"line":16,"column":8},"end":{"line":16,"column":70}},{"start":{"line":17,"column":8},"end":{"line":17,"column":9}}],"line":15}},"s":{"0":1,"1":1,"2":1,"3":1,"4":3,"5":3,"6":3,"7":2,"8":2,"9":2,"10":2,"11":1},"f":{"0":3,"1":2},"b":{"0":[1,1]},"_coverageSchema":"1a1c01bbd47fc00a2c39e90264f33305004495a9","hash":"562a8877a7f1609862076f32d2a935b90960df69"}
,"D:\\Office folder\\nextjs\\Course Enrollment\\Backend\\form-api\\controllers\\enrollController.js": {"path":"D:\\Office folder\\nextjs\\Course Enrollment\\Backend\\form-api\\controllers\\enrollController.js","statementMap":{"0":{"start":{"line":1,"column":19},"end":{"line":1,"column":50}},"1":{"start":{"line":2,"column":23},"end":{"line":2,"column":52}},"2":{"start":{"line":3,"column":15},"end":{"line":3,"column":42}},"3":{"start":{"line":5,"column":0},"end":{"line":33,"column":2}},"4":{"start":{"line":6,"column":2},"end":{"line":32,"column":3}},"5":{"start":{"line":7,"column":25},"end":{"line":7,"column":33}},"6":{"start":{"line":8,"column":19},"end":{"line":8,"column":30}},"7":{"start":{"line":10,"column":28},"end":{"line":13,"column":6}},"8":{"start":{"line":15,"column":4},"end":{"line":17,"column":5}},"9":{"start":{"line":16,"column":6},"end":{"line":16,"column":67}},"10":{"start":{"line":19,"column":23},"end":{"line":24,"column":6}},"11":{"start":{"line":26,"column":4},"end":{"line":29,"column":7}},"12":{"start":{"line":31,"column":4},"end":{"line":31,"column":59}},"13":{"start":{"line":35,"column":0},"end":{"line":72,"column":2}},"14":{"start":{"line":36,"column":2},"end":{"line":71,"column":3}},"15":{"start":{"line":37,"column":19},"end":{"line":37,"column":30}},"16":{"start":{"line":39,"column":24},"end":{"line":41,"column":25}},"17":{"start":{"line":43,"column":19},"end":{"line":66,"column":5}},"18":{"start":{"line":45,"column":25},"end":{"line":45,"column":57}},"19":{"start":{"line":46,"column":29},"end":{"line":46,"column":78}},"20":{"start":{"line":47,"column":31},"end":{"line":50,"column":10}},"21":{"start":{"line":51,"column":31},"end":{"line":53,"column":13}},"22":{"start":{"line":55,"column":10},"end":{"line":57,"column":15}},"23":{"start":{"line":58,"column":23},"end":{"line":58,"column":73}},"24":{"start":{"line":60,"column":8},"end":{"line":64,"column":10}},"25":{"start":{"line":68,"column":4},"end":{"line":68,"column":21}},"26":{"start":{"line":70,"column":4},"end":{"line":70,"column":69}}},"fnMap":{"0":{"name":"(anonymous_0)","decl":{"start":{"line":5,"column":23},"end":{"line":5,"column":24}},"loc":{"start":{"line":5,"column":43},"end":{"line":33,"column":1}},"line":5},"1":{"name":"(anonymous_1)","decl":{"start":{"line":35,"column":27},"end":{"line":35,"column":28}},"loc":{"start":{"line":35,"column":47},"end":{"line":72,"column":1}},"line":35},"2":{"name":"(anonymous_2)","decl":{"start":{"line":44,"column":22},"end":{"line":44,"column":23}},"loc":{"start":{"line":44,"column":44},"end":{"line":65,"column":7}},"line":44}},"branchMap":{"0":{"loc":{"start":{"line":15,"column":4},"end":{"line":17,"column":5}},"type":"if","locations":[{"start":{"line":15,"column":4},"end":{"line":17,"column":5}},{"start":{},"end":{}}],"line":15},"1":{"loc":{"start":{"line":51,"column":31},"end":{"line":53,"column":13}},"type":"cond-expr","locations":[{"start":{"line":52,"column":12},"end":{"line":52,"column":50}},{"start":{"line":53,"column":12},"end":{"line":53,"column":13}}],"line":51},"2":{"loc":{"start":{"line":55,"column":10},"end":{"line":57,"column":15}},"type":"cond-expr","locations":[{"start":{"line":56,"column":14},"end":{"line":56,"column":63}},{"start":{"line":57,"column":14},"end":{"line":57,"column":15}}],"line":55},"3":{"loc":{"start":{"line":58,"column":23},"end":{"line":58,"column":73}},"type":"cond-expr","locations":[{"start":{"line":58,"column":42},"end":{"line":58,"column":53}},{"start":{"line":58,"column":56},"end":{"line":58,"column":73}}],"line":58}},"s":{"0":1,"1":1,"2":1,"3":1,"4":3,"5":3,"6":3,"7":3,"8":2,"9":1,"10":1,"11":1,"12":1,"13":1,"14":4,"15":4,"16":4,"17":3,"18":2,"19":2,"20":2,"21":2,"22":2,"23":2,"24":2,"25":3,"26":1},"f":{"0":3,"1":4,"2":2},"b":{"0":[1,1],"1":[2,0],"2":[2,0],"3":[1,1]},"_coverageSchema":"1a1c01bbd47fc00a2c39e90264f33305004495a9","hash":"19f7cbceb233ec0d54d0af431ad7fe7dcb1a070d"}
,"D:\\Office folder\\nextjs\\Course Enrollment\\Backend\\form-api\\controllers\\lessonController.js": {"path":"D:\\Office folder\\nextjs\\Course Enrollment\\Backend\\form-api\\controllers\\lessonController.js","statementMap":{"0":{"start":{"line":1,"column":15},"end":{"line":1,"column":42}},"1":{"start":{"line":3,"column":0},"end":{"line":30,"column":2}},"2":{"start":{"line":4,"column":2},"end":{"line":29,"column":3}},"3":{"start":{"line":5,"column":62},"end":{"line":5,"column":70}},"4":{"start":{"line":7,"column":22},"end":{"line":7,"column":40}},"5":{"start":{"line":9,"column":4},"end":{"line":13,"column":5}},"6":{"start":{"line":10,"column":6},"end":{"line":12,"column":9}},"7":{"start":{"line":15,"column":19},"end":{"line":20,"column":6}},"8":{"start":{"line":22,"column":4},"end":{"line":25,"column":7}},"9":{"start":{"line":28,"column":4},"end":{"line":28,"column":65}},"10":{"start":{"line":32,"column":0},"end":{"line":43,"column":2}},"11":{"start":{"line":33,"column":2},"end":{"line":42,"column":3}},"12":{"start":{"line":34,"column":25},"end":{"line":34,"column":35}},"13":{"start":{"line":36,"column":20},"end":{"line":36,"column":78}},"14":{"start":{"line":38,"column":4},"end":{"line":38,"column":34}},"15":{"start":{"line":41,"column":4},"end":{"line":41,"column":65}},"16":{"start":{"line":45,"column":0},"end":{"line":58,"column":2}},"17":{"start":{"line":46,"column":2},"end":{"line":57,"column":3}},"18":{"start":{"line":47,"column":19},"end":{"line":47,"column":61}},"19":{"start":{"line":49,"column":4},"end":{"line":51,"column":5}},"20":{"start":{"line":50,"column":6},"end":{"line":50,"column":67}},"21":{"start":{"line":53,"column":4},"end":{"line":53,"column":33}},"22":{"start":{"line":56,"column":4},"end":{"line":56,"column":64}},"23":{"start":{"line":60,"column":0},"end":{"line":83,"column":2}},"24":{"start":{"line":61,"column":2},"end":{"line":82,"column":3}},"25":{"start":{"line":62,"column":25},"end":{"line":62,"column":35}},"26":{"start":{"line":63,"column":44},"end":{"line":63,"column":52}},"27":{"start":{"line":65,"column":19},"end":{"line":69,"column":5}},"28":{"start":{"line":71,"column":4},"end":{"line":73,"column":5}},"29":{"start":{"line":72,"column":6},"end":{"line":72,"column":67}},"30":{"start":{"line":75,"column":4},"end":{"line":78,"column":7}},"31":{"start":{"line":81,"column":4},"end":{"line":81,"column":65}},"32":{"start":{"line":85,"column":0},"end":{"line":100,"column":2}},"33":{"start":{"line":86,"column":2},"end":{"line":99,"column":3}},"34":{"start":{"line":87,"column":19},"end":{"line":87,"column":70}},"35":{"start":{"line":89,"column":4},"end":{"line":91,"column":5}},"36":{"start":{"line":90,"column":6},"end":{"line":90,"column":67}},"37":{"start":{"line":93,"column":4},"end":{"line":95,"column":7}},"38":{"start":{"line":98,"column":4},"end":{"line":98,"column":65}}},"fnMap":{"0":{"name":"(anonymous_0)","decl":{"start":{"line":3,"column":23},"end":{"line":3,"column":24}},"loc":{"start":{"line":3,"column":43},"end":{"line":30,"column":1}},"line":3},"1":{"name":"(anonymous_1)","decl":{"start":{"line":32,"column":29},"end":{"line":32,"column":30}},"loc":{"start":{"line":32,"column":49},"end":{"line":43,"column":1}},"line":32},"2":{"name":"(anonymous_2)","decl":{"start":{"line":45,"column":24},"end":{"line":45,"column":25}},"loc":{"start":{"line":45,"column":44},"end":{"line":58,"column":1}},"line":45},"3":{"name":"(anonymous_3)","decl":{"start":{"line":60,"column":23},"end":{"line":60,"column":24}},"loc":{"start":{"line":60,"column":43},"end":{"line":83,"column":1}},"line":60},"4":{"name":"(anonymous_4)","decl":{"start":{"line":85,"column":23},"end":{"line":85,"column":24}},"loc":{"start":{"line":85,"column":43},"end":{"line":100,"column":1}},"line":85}},"branchMap":{"0":{"loc":{"start":{"line":7,"column":22},"end":{"line":7,"column":40}},"type":"binary-expr","locations":[{"start":{"line":7,"column":22},"end":{"line":7,"column":30}},{"start":{"line":7,"column":34},"end":{"line":7,"column":40}}],"line":7},"1":{"loc":{"start":{"line":9,"column":4},"end":{"line":13,"column":5}},"type":"if","locations":[{"start":{"line":9,"column":4},"end":{"line":13,"column":5}},{"start":{},"end":{}}],"line":9},"2":{"loc":{"start":{"line":9,"column":8},"end":{"line":9,"column":77}},"type":"binary-expr","locations":[{"start":{"line":9,"column":8},"end":{"line":9,"column":18}},{"start":{"line":9,"column":22},"end":{"line":9,"column":28}},{"start":{"line":9,"column":32},"end":{"line":9,"column":51}},{"start":{"line":9,"column":55},"end":{"line":9,"column":77}}],"line":9},"3":{"loc":{"start":{"line":49,"column":4},"end":{"line":51,"column":5}},"type":"if","locations":[{"start":{"line":49,"column":4},"end":{"line":51,"column":5}},{"start":{},"end":{}}],"line":49},"4":{"loc":{"start":{"line":71,"column":4},"end":{"line":73,"column":5}},"type":"if","locations":[{"start":{"line":71,"column":4},"end":{"line":73,"column":5}},{"start":{},"end":{}}],"line":71},"5":{"loc":{"start":{"line":89,"column":4},"end":{"line":91,"column":5}},"type":"if","locations":[{"start":{"line":89,"column":4},"end":{"line":91,"column":5}},{"start":{},"end":{}}],"line":89}},"s":{"0":1,"1":1,"2":3,"3":3,"4":3,"5":3,"6":1,"7":2,"8":1,"9":1,"10":1,"11":2,"12":2,"13":2,"14":1,"15":1,"16":1,"17":3,"18":3,"19":2,"20":1,"21":1,"22":1,"23":1,"24":3,"25":3,"26":3,"27":3,"28":2,"29":1,"30":1,"31":1,"32":1,"33":3,"34":3,"35":2,"36":1,"37":1,"38":1},"f":{"0":3,"1":2,"2":3,"3":3,"4":3},"b":{"0":[3,1],"1":[1,2],"2":[3,2,2,2],"3":[1,1],"4":[1,1],"5":[1,1]},"_coverageSchema":"1a1c01bbd47fc00a2c39e90264f33305004495a9","hash":"b5970f409096bd6ee17237cdd516048c922bdbd5"}
,"D:\\Office folder\\nextjs\\Course Enrollment\\Backend\\form-api\\controllers\\passwordController.js": {"path":"D:\\Office folder\\nextjs\\Course Enrollment\\Backend\\form-api\\controllers\\passwordController.js","statementMap":{"0":{"start":{"line":1,"column":16},"end":{"line":1,"column":44}},"1":{"start":{"line":2,"column":15},"end":{"line":2,"column":32}},"2":{"start":{"line":3,"column":15},"end":{"line":3,"column":34}},"3":{"start":{"line":4,"column":18},"end":{"line":4,"column":47}},"4":{"start":{"line":6,"column":0},"end":{"line":30,"column":2}},"5":{"start":{"line":7,"column":20},"end":{"line":7,"column":28}},"6":{"start":{"line":8,"column":18},"end":{"line":8,"column":50}},"7":{"start":{"line":10,"column":2},"end":{"line":10,"column":76}},"8":{"start":{"line":10,"column":16},"end":{"line":10,"column":76}},"9":{"start":{"line":12,"column":21},"end":{"line":12,"column":59}},"10":{"start":{"line":14,"column":2},"end":{"line":17,"column":19}},"11":{"start":{"line":19,"column":2},"end":{"line":19,"column":60}},"12":{"start":{"line":20,"column":2},"end":{"line":20,"column":23}},"13":{"start":{"line":22,"column":19},"end":{"line":22,"column":77}},"14":{"start":{"line":23,"column":2},"end":{"line":27,"column":4}},"15":{"start":{"line":29,"column":2},"end":{"line":29,"column":52}},"16":{"start":{"line":32,"column":0},"end":{"line":52,"column":2}},"17":{"start":{"line":33,"column":20},"end":{"line":36,"column":18}},"18":{"start":{"line":38,"column":18},"end":{"line":41,"column":4}},"19":{"start":{"line":43,"column":2},"end":{"line":44,"column":73}},"20":{"start":{"line":44,"column":4},"end":{"line":44,"column":73}},"21":{"start":{"line":46,"column":2},"end":{"line":46,"column":62}},"22":{"start":{"line":47,"column":2},"end":{"line":47,"column":41}},"23":{"start":{"line":48,"column":2},"end":{"line":48,"column":42}},"24":{"start":{"line":49,"column":2},"end":{"line":49,"column":23}},"25":{"start":{"line":51,"column":2},"end":{"line":51,"column":53}}},"fnMap":{"0":{"name":"(anonymous_0)","decl":{"start":{"line":6,"column":25},"end":{"line":6,"column":26}},"loc":{"start":{"line":6,"column":45},"end":{"line":30,"column":1}},"line":6},"1":{"name":"(anonymous_1)","decl":{"start":{"line":32,"column":24},"end":{"line":32,"column":25}},"loc":{"start":{"line":32,"column":44},"end":{"line":52,"column":1}},"line":32}},"branchMap":{"0":{"loc":{"start":{"line":10,"column":2},"end":{"line":10,"column":76}},"type":"if","locations":[{"start":{"line":10,"column":2},"end":{"line":10,"column":76}},{"start":{},"end":{}}],"line":10},"1":{"loc":{"start":{"line":43,"column":2},"end":{"line":44,"column":73}},"type":"if","locations":[{"start":{"line":43,"column":2},"end":{"line":44,"column":73}},{"start":{},"end":{}}],"line":43}},"s":{"0":1,"1":1,"2":1,"3":1,"4":1,"5":2,"6":2,"7":2,"8":1,"9":1,"10":1,"11":1,"12":1,"13":1,"14":1,"15":1,"16":1,"17":2,"18":2,"19":2,"20":1,"21":1,"22":1,"23":1,"24":1,"25":1},"f":{"0":2,"1":2},"b":{"0":[1,1],"1":[1,1]},"_coverageSchema":"1a1c01bbd47fc00a2c39e90264f33305004495a9","hash":"94b9efa93ac2dcf59a8c9925ba9a0de2d2e97fc2"}
,"D:\\Office folder\\nextjs\\Course Enrollment\\Backend\\form-api\\controllers\\profileController.js": {"path":"D:\\Office folder\\nextjs\\Course Enrollment\\Backend\\form-api\\controllers\\profileController.js","statementMap":{"0":{"start":{"line":1,"column":13},"end":{"line":1,"column":41}},"1":{"start":{"line":2,"column":19},"end":{"line":2,"column":50}},"2":{"start":{"line":3,"column":15},"end":{"line":3,"column":34}},"3":{"start":{"line":6,"column":0},"end":{"line":32,"column":2}},"4":{"start":{"line":7,"column":2},"end":{"line":31,"column":3}},"5":{"start":{"line":8,"column":19},"end":{"line":8,"column":30}},"6":{"start":{"line":10,"column":17},"end":{"line":10,"column":64}},"7":{"start":{"line":12,"column":4},"end":{"line":14,"column":5}},"8":{"start":{"line":13,"column":6},"end":{"line":13,"column":68}},"9":{"start":{"line":16,"column":24},"end":{"line":18,"column":6}},"10":{"start":{"line":20,"column":4},"end":{"line":28,"column":7}},"11":{"start":{"line":30,"column":4},"end":{"line":30,"column":65}},"12":{"start":{"line":35,"column":0},"end":{"line":71,"column":2}},"13":{"start":{"line":36,"column":2},"end":{"line":70,"column":3}},"14":{"start":{"line":37,"column":24},"end":{"line":48,"column":25}},"15":{"start":{"line":50,"column":4},"end":{"line":52,"column":5}},"16":{"start":{"line":51,"column":6},"end":{"line":51,"column":68}},"17":{"start":{"line":54,"column":29},"end":{"line":56,"column":6}},"18":{"start":{"line":58,"column":4},"end":{"line":67,"column":7}},"19":{"start":{"line":69,"column":4},"end":{"line":69,"column":63}},"20":{"start":{"line":74,"column":0},"end":{"line":97,"column":2}},"21":{"start":{"line":75,"column":2},"end":{"line":96,"column":3}},"22":{"start":{"line":76,"column":17},"end":{"line":76,"column":49}},"23":{"start":{"line":78,"column":4},"end":{"line":80,"column":5}},"24":{"start":{"line":79,"column":6},"end":{"line":79,"column":65}},"25":{"start":{"line":82,"column":45},"end":{"line":82,"column":53}},"26":{"start":{"line":84,"column":20},"end":{"line":84,"column":72}},"27":{"start":{"line":86,"column":4},"end":{"line":88,"column":5}},"28":{"start":{"line":87,"column":6},"end":{"line":87,"column":77}},"29":{"start":{"line":90,"column":4},"end":{"line":90,"column":55}},"30":{"start":{"line":91,"column":4},"end":{"line":91,"column":22}},"31":{"start":{"line":93,"column":4},"end":{"line":93,"column":59}},"32":{"start":{"line":95,"column":4},"end":{"line":95,"column":54}}},"fnMap":{"0":{"name":"(anonymous_0)","decl":{"start":{"line":6,"column":23},"end":{"line":6,"column":24}},"loc":{"start":{"line":6,"column":43},"end":{"line":32,"column":1}},"line":6},"1":{"name":"(anonymous_1)","decl":{"start":{"line":35,"column":26},"end":{"line":35,"column":27}},"loc":{"start":{"line":35,"column":46},"end":{"line":71,"column":1}},"line":35},"2":{"name":"(anonymous_2)","decl":{"start":{"line":74,"column":25},"end":{"line":74,"column":26}},"loc":{"start":{"line":74,"column":45},"end":{"line":97,"column":1}},"line":74}},"branchMap":{"0":{"loc":{"start":{"line":12,"column":4},"end":{"line":14,"column":5}},"type":"if","locations":[{"start":{"line":12,"column":4},"end":{"line":14,"column":5}},{"start":{},"end":{}}],"line":12},"1":{"loc":{"start":{"line":50,"column":4},"end":{"line":52,"column":5}},"type":"if","locations":[{"start":{"line":50,"column":4},"end":{"line":52,"column":5}},{"start":{},"end":{}}],"line":50},"2":{"loc":{"start":{"line":78,"column":4},"end":{"line":80,"column":5}},"type":"if","locations":[{"start":{"line":78,"column":4},"end":{"line":80,"column":5}},{"start":{},"end":{}}],"line":78},"3":{"loc":{"start":{"line":86,"column":4},"end":{"line":88,"column":5}},"type":"if","locations":[{"start":{"line":86,"column":4},"end":{"line":88,"column":5}},{"start":{},"end":{}}],"line":86}},"s":{"0":1,"1":1,"2":1,"3":1,"4":3,"5":3,"6":3,"7":2,"8":1,"9":1,"10":1,"11":1,"12":1,"13":3,"14":3,"15":2,"16":1,"17":1,"18":1,"19":1,"20":1,"21":4,"22":4,"23":3,"24":1,"25":2,"26":2,"27":2,"28":1,"29":1,"30":1,"31":1,"32":1},"f":{"0":3,"1":3,"2":4},"b":{"0":[1,1],"1":[1,1],"2":[1,2],"3":[1,1]},"_coverageSchema":"1a1c01bbd47fc00a2c39e90264f33305004495a9","hash":"3df38c19e5ca646b0e95d2d2b65a8236a4174d43"}
,"D:\\Office folder\\nextjs\\Course Enrollment\\Backend\\form-api\\controllers\\progressController.js": {"path":"D:\\Office folder\\nextjs\\Course Enrollment\\Backend\\form-api\\controllers\\progressController.js","statementMap":{"0":{"start":{"line":1,"column":23},"end":{"line":1,"column":52}},"1":{"start":{"line":2,"column":20},"end":{"line":2,"column":57}},"2":{"start":{"line":3,"column":23},"end":{"line":3,"column":38}},"3":{"start":{"line":4,"column":31},"end":{"line":4,"column":71}},"4":{"start":{"line":5,"column":16},"end":{"line":5,"column":44}},"5":{"start":{"line":6,"column":15},"end":{"line":6,"column":42}},"6":{"start":{"line":7,"column":15},"end":{"line":7,"column":42}},"7":{"start":{"line":9,"column":0},"end":{"line":20,"column":2}},"8":{"start":{"line":10,"column":23},"end":{"line":10,"column":33}},"9":{"start":{"line":11,"column":17},"end":{"line":11,"column":28}},"10":{"start":{"line":13,"column":19},"end":{"line":13,"column":69}},"11":{"start":{"line":15,"column":27},"end":{"line":17,"column":8}},"12":{"start":{"line":16,"column":44},"end":{"line":16,"column":57}},"13":{"start":{"line":19,"column":2},"end":{"line":19,"column":33}},"14":{"start":{"line":22,"column":0},"end":{"line":91,"column":2}},"15":{"start":{"line":23,"column":2},"end":{"line":90,"column":3}},"16":{"start":{"line":24,"column":35},"end":{"line":24,"column":43}},"17":{"start":{"line":25,"column":19},"end":{"line":25,"column":30}},"18":{"start":{"line":27,"column":19},"end":{"line":27,"column":69}},"19":{"start":{"line":29,"column":29},"end":{"line":31,"column":5}},"20":{"start":{"line":30,"column":14},"end":{"line":30,"column":40}},"21":{"start":{"line":33,"column":4},"end":{"line":42,"column":5}},"22":{"start":{"line":34,"column":6},"end":{"line":38,"column":9}},"23":{"start":{"line":39,"column":11},"end":{"line":42,"column":5}},"24":{"start":{"line":40,"column":6},"end":{"line":40,"column":47}},"25":{"start":{"line":41,"column":6},"end":{"line":41,"column":28}},"26":{"start":{"line":44,"column":25},"end":{"line":44,"column":66}},"27":{"start":{"line":46,"column":27},"end":{"line":46,"column":59}},"28":{"start":{"line":49,"column":6},"end":{"line":49,"column":66}},"29":{"start":{"line":52,"column":4},"end":{"line":77,"column":5}},"30":{"start":{"line":53,"column":34},"end":{"line":56,"column":8}},"31":{"start":{"line":58,"column":6},"end":{"line":76,"column":7}},"32":{"start":{"line":59,"column":24},"end":{"line":59,"column":54}},"33":{"start":{"line":60,"column":23},"end":{"line":60,"column":54}},"34":{"start":{"line":62,"column":30},"end":{"line":62,"column":38}},"35":{"start":{"line":64,"column":25},"end":{"line":68,"column":10}},"36":{"start":{"line":70,"column":8},"end":{"line":75,"column":11}},"37":{"start":{"line":79,"column":29},"end":{"line":81,"column":5}},"38":{"start":{"line":80,"column":6},"end":{"line":80,"column":19}},"39":{"start":{"line":83,"column":4},"end":{"line":86,"column":7}},"40":{"start":{"line":89,"column":4},"end":{"line":89,"column":54}}},"fnMap":{"0":{"name":"(anonymous_0)","decl":{"start":{"line":9,"column":22},"end":{"line":9,"column":23}},"loc":{"start":{"line":9,"column":42},"end":{"line":20,"column":1}},"line":9},"1":{"name":"(anonymous_1)","decl":{"start":{"line":16,"column":36},"end":{"line":16,"column":37}},"loc":{"start":{"line":16,"column":44},"end":{"line":16,"column":57}},"line":16},"2":{"name":"(anonymous_2)","decl":{"start":{"line":22,"column":25},"end":{"line":22,"column":26}},"loc":{"start":{"line":22,"column":45},"end":{"line":91,"column":1}},"line":22},"3":{"name":"(anonymous_3)","decl":{"start":{"line":30,"column":6},"end":{"line":30,"column":7}},"loc":{"start":{"line":30,"column":14},"end":{"line":30,"column":40}},"line":30},"4":{"name":"(anonymous_4)","decl":{"start":{"line":79,"column":59},"end":{"line":79,"column":60}},"loc":{"start":{"line":80,"column":6},"end":{"line":80,"column":19}},"line":80}},"branchMap":{"0":{"loc":{"start":{"line":15,"column":27},"end":{"line":17,"column":8}},"type":"cond-expr","locations":[{"start":{"line":16,"column":6},"end":{"line":16,"column":58}},{"start":{"line":17,"column":6},"end":{"line":17,"column":8}}],"line":15},"1":{"loc":{"start":{"line":33,"column":4},"end":{"line":42,"column":5}},"type":"if","locations":[{"start":{"line":33,"column":4},"end":{"line":42,"column":5}},{"start":{"line":39,"column":11},"end":{"line":42,"column":5}}],"line":33},"2":{"loc":{"start":{"line":39,"column":11},"end":{"line":42,"column":5}},"type":"if","locations":[{"start":{"line":39,"column":11},"end":{"line":42,"column":5}},{"start":{},"end":{}}],"line":39},"3":{"loc":{"start":{"line":49,"column":6},"end":{"line":49,"column":66}},"type":"cond-expr","locations":[{"start":{"line":49,"column":25},"end":{"line":49,"column":62}},{"start":{"line":49,"column":65},"end":{"line":49,"column":66}}],"line":49},"4":{"loc":{"start":{"line":52,"column":4},"end":{"line":77,"column":5}},"type":"if","locations":[{"start":{"line":52,"column":4},"end":{"line":77,"column":5}},{"start":{},"end":{}}],"line":52},"5":{"loc":{"start":{"line":58,"column":6},"end":{"line":76,"column":7}},"type":"if","locations":[{"start":{"line":58,"column":6},"end":{"line":76,"column":7}},{"start":{},"end":{}}],"line":58}},"s":{"0":1,"1":1,"2":1,"3":1,"4":1,"5":1,"6":1,"7":1,"8":2,"9":2,"10":2,"11":2,"12":1,"13":2,"14":1,"15":6,"16":6,"17":6,"18":6,"19":5,"20":4,"21":5,"22":1,"23":4,"24":1,"25":1,"26":5,"27":5,"28":5,"29":5,"30":2,"31":2,"32":1,"33":1,"34":1,"35":1,"36":1,"37":5,"38":8,"39":5,"40":1},"f":{"0":2,"1":1,"2":6,"3":4,"4":8},"b":{"0":[1,1],"1":[1,4],"2":[1,3],"3":[5,0],"4":[2,3],"5":[1,1]},"_coverageSchema":"1a1c01bbd47fc00a2c39e90264f33305004495a9","hash":"41ab8cbf5b49d9d608c446989cce0237fcd1290d"}
,"D:\\Office folder\\nextjs\\Course Enrollment\\Backend\\form-api\\controllers\\ratingController.js": {"path":"D:\\Office folder\\nextjs\\Course Enrollment\\Backend\\form-api\\controllers\\ratingController.js","statementMap":{"0":{"start":{"line":1,"column":15},"end":{"line":1,"column":42}},"1":{"start":{"line":2,"column":15},"end":{"line":2,"column":42}},"2":{"start":{"line":3,"column":19},"end":{"line":3,"column":50}},"3":{"start":{"line":4,"column":23},"end":{"line":4,"column":52}},"4":{"start":{"line":5,"column":15},"end":{"line":5,"column":42}},"5":{"start":{"line":7,"column":0},"end":{"line":87,"column":2}},"6":{"start":{"line":8,"column":2},"end":{"line":86,"column":3}},"7":{"start":{"line":9,"column":41},"end":{"line":9,"column":49}},"8":{"start":{"line":10,"column":19},"end":{"line":10,"column":30}},"9":{"start":{"line":13,"column":23},"end":{"line":16,"column":6}},"10":{"start":{"line":18,"column":4},"end":{"line":22,"column":5}},"11":{"start":{"line":19,"column":6},"end":{"line":21,"column":9}},"12":{"start":{"line":25,"column":25},"end":{"line":25,"column":74}},"13":{"start":{"line":26,"column":27},"end":{"line":26,"column":77}},"14":{"start":{"line":27,"column":27},"end":{"line":29,"column":9}},"15":{"start":{"line":32,"column":6},"end":{"line":32,"column":78}},"16":{"start":{"line":34,"column":4},"end":{"line":38,"column":5}},"17":{"start":{"line":35,"column":6},"end":{"line":37,"column":9}},"18":{"start":{"line":47,"column":25},"end":{"line":50,"column":6}},"19":{"start":{"line":52,"column":4},"end":{"line":63,"column":5}},"20":{"start":{"line":53,"column":6},"end":{"line":53,"column":37}},"21":{"start":{"line":54,"column":6},"end":{"line":54,"column":37}},"22":{"start":{"line":55,"column":6},"end":{"line":55,"column":34}},"23":{"start":{"line":57,"column":6},"end":{"line":62,"column":9}},"24":{"start":{"line":66,"column":20},"end":{"line":66,"column":59}},"25":{"start":{"line":68,"column":25},"end":{"line":68,"column":39}},"26":{"start":{"line":71,"column":6},"end":{"line":73,"column":70}},"27":{"start":{"line":73,"column":37},"end":{"line":73,"column":51}},"28":{"start":{"line":75,"column":4},"end":{"line":78,"column":7}},"29":{"start":{"line":80,"column":4},"end":{"line":82,"column":7}},"30":{"start":{"line":85,"column":4},"end":{"line":85,"column":55}},"31":{"start":{"line":90,"column":0},"end":{"line":112,"column":2}},"32":{"start":{"line":91,"column":2},"end":{"line":111,"column":3}},"33":{"start":{"line":92,"column":25},"end":{"line":92,"column":35}},"34":{"start":{"line":93,"column":20},"end":{"line":95,"column":30}},"35":{"start":{"line":97,"column":25},"end":{"line":97,"column":39}},"36":{"start":{"line":99,"column":6},"end":{"line":101,"column":70}},"37":{"start":{"line":101,"column":37},"end":{"line":101,"column":51}},"38":{"start":{"line":103,"column":4},"end":{"line":107,"column":7}},"39":{"start":{"line":110,"column":4},"end":{"line":110,"column":65}},"40":{"start":{"line":115,"column":0},"end":{"line":127,"column":2}},"41":{"start":{"line":116,"column":2},"end":{"line":126,"column":3}},"42":{"start":{"line":117,"column":19},"end":{"line":117,"column":30}},"43":{"start":{"line":118,"column":20},"end":{"line":120,"column":13}},"44":{"start":{"line":122,"column":4},"end":{"line":122,"column":29}},"45":{"start":{"line":125,"column":4},"end":{"line":125,"column":68}}},"fnMap":{"0":{"name":"(anonymous_0)","decl":{"start":{"line":7,"column":28},"end":{"line":7,"column":29}},"loc":{"start":{"line":7,"column":48},"end":{"line":87,"column":1}},"line":7},"1":{"name":"(anonymous_1)","decl":{"start":{"line":73,"column":25},"end":{"line":73,"column":26}},"loc":{"start":{"line":73,"column":37},"end":{"line":73,"column":51}},"line":73},"2":{"name":"(anonymous_2)","decl":{"start":{"line":90,"column":27},"end":{"line":90,"column":28}},"loc":{"start":{"line":90,"column":47},"end":{"line":112,"column":1}},"line":90},"3":{"name":"(anonymous_3)","decl":{"start":{"line":101,"column":25},"end":{"line":101,"column":26}},"loc":{"start":{"line":101,"column":37},"end":{"line":101,"column":51}},"line":101},"4":{"name":"(anonymous_4)","decl":{"start":{"line":115,"column":23},"end":{"line":115,"column":24}},"loc":{"start":{"line":115,"column":43},"end":{"line":127,"column":1}},"line":115}},"branchMap":{"0":{"loc":{"start":{"line":18,"column":4},"end":{"line":22,"column":5}},"type":"if","locations":[{"start":{"line":18,"column":4},"end":{"line":22,"column":5}},{"start":{},"end":{}}],"line":18},"1":{"loc":{"start":{"line":27,"column":27},"end":{"line":29,"column":9}},"type":"cond-expr","locations":[{"start":{"line":28,"column":8},"end":{"line":28,"column":46}},{"start":{"line":29,"column":8},"end":{"line":29,"column":9}}],"line":27},"2":{"loc":{"start":{"line":32,"column":6},"end":{"line":32,"column":78}},"type":"cond-expr","locations":[{"start":{"line":32,"column":25},"end":{"line":32,"column":74}},{"start":{"line":32,"column":77},"end":{"line":32,"column":78}}],"line":32},"3":{"loc":{"start":{"line":34,"column":4},"end":{"line":38,"column":5}},"type":"if","locations":[{"start":{"line":34,"column":4},"end":{"line":38,"column":5}},{"start":{},"end":{}}],"line":34},"4":{"loc":{"start":{"line":52,"column":4},"end":{"line":63,"column":5}},"type":"if","locations":[{"start":{"line":52,"column":4},"end":{"line":63,"column":5}},{"start":{"line":56,"column":11},"end":{"line":63,"column":5}}],"line":52},"5":{"loc":{"start":{"line":71,"column":6},"end":{"line":73,"column":70}},"type":"cond-expr","locations":[{"start":{"line":72,"column":10},"end":{"line":72,"column":11}},{"start":{"line":73,"column":10},"end":{"line":73,"column":70}}],"line":71},"6":{"loc":{"start":{"line":99,"column":6},"end":{"line":101,"column":70}},"type":"cond-expr","locations":[{"start":{"line":100,"column":10},"end":{"line":100,"column":11}},{"start":{"line":101,"column":10},"end":{"line":101,"column":70}}],"line":99}},"s":{"0":1,"1":1,"2":1,"3":1,"4":1,"5":1,"6":5,"7":5,"8":5,"9":5,"10":4,"11":1,"12":3,"13":3,"14":3,"15":3,"16":3,"17":1,"18":2,"19":2,"20":1,"21":1,"22":1,"23":1,"24":2,"25":2,"26":2,"27":3,"28":2,"29":2,"30":1,"31":1,"32":2,"33":2,"34":2,"35":1,"36":1,"37":2,"38":1,"39":1,"40":1,"41":2,"42":2,"43":2,"44":1,"45":1},"f":{"0":5,"1":3,"2":2,"3":2,"4":2},"b":{"0":[1,3],"1":[3,0],"2":[3,0],"3":[1,2],"4":[1,1],"5":[0,2],"6":[0,1]},"_coverageSchema":"1a1c01bbd47fc00a2c39e90264f33305004495a9","hash":"cf03fe45dd795cd2cfceb019525460820c4678d3"}
,"D:\\Office folder\\nextjs\\Course Enrollment\\Backend\\form-api\\controllers\\studentController.js": {"path":"D:\\Office folder\\nextjs\\Course Enrollment\\Backend\\form-api\\controllers\\studentController.js","statementMap":{"0":{"start":{"line":1,"column":16},"end":{"line":1,"column":44}},"1":{"start":{"line":2,"column":15},"end":{"line":2,"column":34}},"2":{"start":{"line":3,"column":12},"end":{"line":3,"column":35}},"3":{"start":{"line":4,"column":13},"end":{"line":4,"column":41}},"4":{"start":{"line":7,"column":2},"end":{"line":8,"column":132}},"5":{"start":{"line":10,"column":24},"end":{"line":58,"column":1}},"6":{"start":{"line":11,"column":2},"end":{"line":57,"column":3}},"7":{"start":{"line":14,"column":6},"end":{"line":14,"column":14}},"8":{"start":{"line":16,"column":4},"end":{"line":26,"column":5}},"9":{"start":{"line":25,"column":6},"end":{"line":25,"column":74}},"10":{"start":{"line":28,"column":28},"end":{"line":28,"column":60}},"11":{"start":{"line":30,"column":4},"end":{"line":32,"column":5}},"12":{"start":{"line":31,"column":6},"end":{"line":31,"column":78}},"13":{"start":{"line":34,"column":25},"end":{"line":34,"column":56}},"14":{"start":{"line":36,"column":20},"end":{"line":44,"column":6}},"15":{"start":{"line":47,"column":25},"end":{"line":47,"column":45}},"16":{"start":{"line":50,"column":4},"end":{"line":53,"column":7}},"17":{"start":{"line":56,"column":4},"end":{"line":56,"column":61}},"18":{"start":{"line":60,"column":21},"end":{"line":116,"column":1}},"19":{"start":{"line":61,"column":2},"end":{"line":115,"column":3}},"20":{"start":{"line":62,"column":44},"end":{"line":62,"column":52}},"21":{"start":{"line":64,"column":4},"end":{"line":68,"column":5}},"22":{"start":{"line":65,"column":6},"end":{"line":67,"column":62}},"23":{"start":{"line":70,"column":20},"end":{"line":70,"column":52}},"24":{"start":{"line":71,"column":4},"end":{"line":73,"column":5}},"25":{"start":{"line":72,"column":6},"end":{"line":72,"column":68}},"26":{"start":{"line":75,"column":20},"end":{"line":75,"column":68}},"27":{"start":{"line":76,"column":4},"end":{"line":78,"column":5}},"28":{"start":{"line":77,"column":6},"end":{"line":77,"column":67}},"29":{"start":{"line":81,"column":21},"end":{"line":81,"column":46}},"30":{"start":{"line":83,"column":24},"end":{"line":91,"column":5}},"31":{"start":{"line":93,"column":25},"end":{"line":99,"column":5}},"32":{"start":{"line":101,"column":4},"end":{"line":106,"column":7}},"33":{"start":{"line":108,"column":4},"end":{"line":111,"column":7}},"34":{"start":{"line":114,"column":4},"end":{"line":114,"column":76}},"35":{"start":{"line":118,"column":27},"end":{"line":152,"column":1}},"36":{"start":{"line":119,"column":23},"end":{"line":119,"column":47}},"37":{"start":{"line":121,"column":2},"end":{"line":123,"column":3}},"38":{"start":{"line":122,"column":4},"end":{"line":122,"column":65}},"39":{"start":{"line":125,"column":2},"end":{"line":151,"column":3}},"40":{"start":{"line":126,"column":20},"end":{"line":126,"column":76}},"41":{"start":{"line":129,"column":20},"end":{"line":129,"column":54}},"42":{"start":{"line":131,"column":4},"end":{"line":133,"column":5}},"43":{"start":{"line":132,"column":6},"end":{"line":132,"column":65}},"44":{"start":{"line":136,"column":21},"end":{"line":136,"column":46}},"45":{"start":{"line":138,"column":27},"end":{"line":146,"column":5}},"46":{"start":{"line":148,"column":4},"end":{"line":148,"column":62}},"47":{"start":{"line":150,"column":4},"end":{"line":150,"column":55}},"48":{"start":{"line":154,"column":15},"end":{"line":157,"column":1}},"49":{"start":{"line":155,"column":2},"end":{"line":155,"column":34}},"50":{"start":{"line":156,"column":2},"end":{"line":156,"column":38}},"51":{"start":{"line":159,"column":0},"end":{"line":159,"column":79}}},"fnMap":{"0":{"name":"(anonymous_0)","decl":{"start":{"line":10,"column":24},"end":{"line":10,"column":25}},"loc":{"start":{"line":10,"column":44},"end":{"line":58,"column":1}},"line":10},"1":{"name":"(anonymous_1)","decl":{"start":{"line":60,"column":21},"end":{"line":60,"column":22}},"loc":{"start":{"line":60,"column":41},"end":{"line":116,"column":1}},"line":60},"2":{"name":"(anonymous_2)","decl":{"start":{"line":118,"column":27},"end":{"line":118,"column":28}},"loc":{"start":{"line":118,"column":47},"end":{"line":152,"column":1}},"line":118},"3":{"name":"(anonymous_3)","decl":{"start":{"line":154,"column":15},"end":{"line":154,"column":16}},"loc":{"start":{"line":154,"column":29},"end":{"line":157,"column":1}},"line":154}},"branchMap":{"0":{"loc":{"start":{"line":7,"column":2},"end":{"line":8,"column":132}},"type":"binary-expr","locations":[{"start":{"line":7,"column":2},"end":{"line":7,"column":24}},{"start":{"line":8,"column":2},"end":{"line":8,"column":132}}],"line":7},"1":{"loc":{"start":{"line":16,"column":4},"end":{"line":26,"column":5}},"type":"if","locations":[{"start":{"line":16,"column":4},"end":{"line":26,"column":5}},{"start":{},"end":{}}],"line":16},"2":{"loc":{"start":{"line":17,"column":6},"end":{"line":23,"column":13}},"type":"binary-expr","locations":[{"start":{"line":17,"column":6},"end":{"line":17,"column":16}},{"start":{"line":18,"column":6},"end":{"line":18,"column":15}},{"start":{"line":19,"column":6},"end":{"line":19,"column":12}},{"start":{"line":20,"column":6},"end":{"line":20,"column":15}},{"start":{"line":21,"column":6},"end":{"line":21,"column":12}},{"start":{"line":22,"column":6},"end":{"line":22,"column":14}},{"start":{"line":23,"column":6},"end":{"line":23,"column":13}}],"line":17},"3":{"loc":{"start":{"line":30,"column":4},"end":{"line":32,"column":5}},"type":"if","locations":[{"start":{"line":30,"column":4},"end":{"line":32,"column":5}},{"start":{},"end":{}}],"line":30},"4":{"loc":{"start":{"line":64,"column":4},"end":{"line":68,"column":5}},"type":"if","locations":[{"start":{"line":64,"column":4},"end":{"line":68,"column":5}},{"start":{},"end":{}}],"line":64},"5":{"loc":{"start":{"line":64,"column":8},"end":{"line":64,"column":27}},"type":"binary-expr","locations":[{"start":{"line":64,"column":8},"end":{"line":64,"column":14}},{"start":{"line":64,"column":18},"end":{"line":64,"column":27}}],"line":64},"6":{"loc":{"start":{"line":71,"column":4},"end":{"line":73,"column":5}},"type":"if","locations":[{"start":{"line":71,"column":4},"end":{"line":73,"column":5}},{"start":{},"end":{}}],"line":71},"7":{"loc":{"start":{"line":76,"column":4},"end":{"line":78,"column":5}},"type":"if","locations":[{"start":{"line":76,"column":4},"end":{"line":78,"column":5}},{"start":{},"end":{}}],"line":76},"8":{"loc":{"start":{"line":81,"column":21},"end":{"line":81,"column":46}},"type":"binary-expr","locations":[{"start":{"line":81,"column":21},"end":{"line":81,"column":33}},{"start":{"line":81,"column":37},"end":{"line":81,"column":46}}],"line":81},"9":{"loc":{"start":{"line":121,"column":2},"end":{"line":123,"column":3}},"type":"if","locations":[{"start":{"line":121,"column":2},"end":{"line":123,"column":3}},{"start":{},"end":{}}],"line":121},"10":{"loc":{"start":{"line":131,"column":4},"end":{"line":133,"column":5}},"type":"if","locations":[{"start":{"line":131,"column":4},"end":{"line":133,"column":5}},{"start":{},"end":{}}],"line":131},"11":{"loc":{"start":{"line":136,"column":21},"end":{"line":136,"column":46}},"type":"binary-expr","locations":[{"start":{"line":136,"column":21},"end":{"line":136,"column":33}},{"start":{"line":136,"column":37},"end":{"line":136,"column":46}}],"line":136}},"s":{"0":2,"1":2,"2":2,"3":2,"4":2,"5":2,"6":4,"7":4,"8":4,"9":1,"10":3,"11":2,"12":1,"13":1,"14":1,"15":1,"16":1,"17":1,"18":2,"19":5,"20":5,"21":5,"22":1,"23":4,"24":3,"25":1,"26":2,"27":2,"28":1,"29":1,"30":1,"31":1,"32":1,"33":1,"34":1,"35":2,"36":0,"37":0,"38":0,"39":0,"40":0,"41":0,"42":0,"43":0,"44":0,"45":0,"46":0,"47":0,"48":2,"49":0,"50":0,"51":2},"f":{"0":4,"1":5,"2":0,"3":0},"b":{"0":[2,2],"1":[1,3],"2":[4,3,3,3,3,3,3],"3":[1,1],"4":[1,4],"5":[5,4],"6":[1,2],"7":[1,1],"8":[1,0],"9":[0,0],"10":[0,0],"11":[0,0]},"_coverageSchema":"1a1c01bbd47fc00a2c39e90264f33305004495a9","hash":"7933176e41572ba2ad101824a8ab1621d33f7a54"}
,"D:\\Office folder\\nextjs\\Course Enrollment\\Backend\\form-api\\controllers\\userCourses.js": {"path":"D:\\Office folder\\nextjs\\Course Enrollment\\Backend\\form-api\\controllers\\userCourses.js","statementMap":{"0":{"start":{"line":1,"column":0},"end":{"line":13,"column":2}},"1":{"start":{"line":2,"column":2},"end":{"line":12,"column":3}},"2":{"start":{"line":3,"column":19},"end":{"line":3,"column":30}},"3":{"start":{"line":5,"column":24},"end":{"line":7,"column":30}},"4":{"start":{"line":9,"column":4},"end":{"line":9,"column":26}},"5":{"start":{"line":11,"column":4},"end":{"line":11,"column":65}}},"fnMap":{"0":{"name":"(anonymous_0)","decl":{"start":{"line":1,"column":23},"end":{"line":1,"column":24}},"loc":{"start":{"line":1,"column":43},"end":{"line":13,"column":1}},"line":1}},"branchMap":{},"s":{"0":0,"1":0,"2":0,"3":0,"4":0,"5":0},"f":{"0":0},"b":{}}
,"D:\\Office folder\\nextjs\\Course Enrollment\\Backend\\form-api\\middleware\\adminMiddleware.js": {"path":"D:\\Office folder\\nextjs\\Course Enrollment\\Backend\\form-api\\middleware\\adminMiddleware.js","statementMap":{"0":{"start":{"line":1,"column":0},"end":{"line":7,"column":2}},"1":{"start":{"line":2,"column":2},"end":{"line":4,"column":3}},"2":{"start":{"line":3,"column":4},"end":{"line":3,"column":66}},"3":{"start":{"line":6,"column":2},"end":{"line":6,"column":9}}},"fnMap":{"0":{"name":"(anonymous_0)","decl":{"start":{"line":1,"column":17},"end":{"line":1,"column":18}},"loc":{"start":{"line":1,"column":37},"end":{"line":7,"column":1}},"line":1}},"branchMap":{"0":{"loc":{"start":{"line":2,"column":2},"end":{"line":4,"column":3}},"type":"if","locations":[{"start":{"line":2,"column":2},"end":{"line":4,"column":3}},{"start":{},"end":{}}],"line":2},"1":{"loc":{"start":{"line":2,"column":6},"end":{"line":2,"column":44}},"type":"binary-expr","locations":[{"start":{"line":2,"column":6},"end":{"line":2,"column":15}},{"start":{"line":2,"column":19},"end":{"line":2,"column":44}}],"line":2}},"s":{"0":0,"1":0,"2":0,"3":0},"f":{"0":0},"b":{"0":[0,0],"1":[0,0]}}
,"D:\\Office folder\\nextjs\\Course Enrollment\\Backend\\form-api\\middleware\\authMiddleware.js": {"path":"D:\\Office folder\\nextjs\\Course Enrollment\\Backend\\form-api\\middleware\\authMiddleware.js","statementMap":{"0":{"start":{"line":1,"column":12},"end":{"line":1,"column":35}},"1":{"start":{"line":3,"column":0},"end":{"line":19,"column":2}},"2":{"start":{"line":4,"column":21},"end":{"line":4,"column":46}},"3":{"start":{"line":6,"column":2},"end":{"line":8,"column":3}},"4":{"start":{"line":7,"column":4},"end":{"line":7,"column":66}},"5":{"start":{"line":10,"column":2},"end":{"line":18,"column":3}},"6":{"start":{"line":11,"column":18},"end":{"line":11,"column":42}},"7":{"start":{"line":12,"column":20},"end":{"line":12,"column":61}},"8":{"start":{"line":14,"column":4},"end":{"line":14,"column":23}},"9":{"start":{"line":15,"column":4},"end":{"line":15,"column":11}},"10":{"start":{"line":17,"column":4},"end":{"line":17,"column":62}}},"fnMap":{"0":{"name":"(anonymous_0)","decl":{"start":{"line":3,"column":17},"end":{"line":3,"column":18}},"loc":{"start":{"line":3,"column":37},"end":{"line":19,"column":1}},"line":3}},"branchMap":{"0":{"loc":{"start":{"line":6,"column":2},"end":{"line":8,"column":3}},"type":"if","locations":[{"start":{"line":6,"column":2},"end":{"line":8,"column":3}},{"start":{},"end":{}}],"line":6},"1":{"loc":{"start":{"line":6,"column":6},"end":{"line":6,"column":54}},"type":"binary-expr","locations":[{"start":{"line":6,"column":6},"end":{"line":6,"column":17}},{"start":{"line":6,"column":21},"end":{"line":6,"column":54}}],"line":6}},"s":{"0":1,"1":1,"2":3,"3":3,"4":1,"5":2,"6":2,"7":2,"8":1,"9":1,"10":1},"f":{"0":3},"b":{"0":[1,2],"1":[3,2]},"_coverageSchema":"1a1c01bbd47fc00a2c39e90264f33305004495a9","hash":"2bea6caa394bfe1bc39f730cb585efb5d7e566a8"}
,"D:\\Office folder\\nextjs\\Course Enrollment\\Backend\\form-api\\utils\\certificateGenerator.js": {"path":"D:\\Office folder\\nextjs\\Course Enrollment\\Backend\\form-api\\utils\\certificateGenerator.js","statementMap":{"0":{"start":{"line":1,"column":18},"end":{"line":1,"column":38}},"1":{"start":{"line":2,"column":11},"end":{"line":2,"column":24}},"2":{"start":{"line":3,"column":13},"end":{"line":3,"column":28}},"3":{"start":{"line":5,"column":28},"end":{"line":5,"column":71}},"4":{"start":{"line":7,"column":31},"end":{"line":43,"column":1}},"5":{"start":{"line":8,"column":18},"end":{"line":11,"column":4}},"6":{"start":{"line":12,"column":15},"end":{"line":12,"column":38}},"7":{"start":{"line":14,"column":15},"end":{"line":21,"column":4}},"8":{"start":{"line":23,"column":26},"end":{"line":23,"column":65}},"9":{"start":{"line":25,"column":2},"end":{"line":27,"column":3}},"10":{"start":{"line":26,"column":4},"end":{"line":26,"column":34}},"11":{"start":{"line":29,"column":2},"end":{"line":29,"column":61}},"12":{"start":{"line":31,"column":19},"end":{"line":31,"column":58}},"13":{"start":{"line":32,"column":19},"end":{"line":32,"column":55}},"14":{"start":{"line":34,"column":2},"end":{"line":38,"column":5}},"15":{"start":{"line":40,"column":2},"end":{"line":40,"column":24}},"16":{"start":{"line":42,"column":2},"end":{"line":42,"column":18}},"17":{"start":{"line":45,"column":0},"end":{"line":45,"column":40}}},"fnMap":{"0":{"name":"(anonymous_0)","decl":{"start":{"line":7,"column":31},"end":{"line":7,"column":32}},"loc":{"start":{"line":7,"column":47},"end":{"line":43,"column":1}},"line":7}},"branchMap":{"0":{"loc":{"start":{"line":25,"column":2},"end":{"line":27,"column":3}},"type":"if","locations":[{"start":{"line":25,"column":2},"end":{"line":27,"column":3}},{"start":{},"end":{}}],"line":25}},"s":{"0":1,"1":1,"2":1,"3":1,"4":1,"5":0,"6":0,"7":0,"8":0,"9":0,"10":0,"11":0,"12":0,"13":0,"14":0,"15":0,"16":0,"17":1},"f":{"0":0},"b":{"0":[0,0]},"_coverageSchema":"1a1c01bbd47fc00a2c39e90264f33305004495a9","hash":"fe3da3054e51b2f6b9af7b2a9a06ca6ae4115740"}
,"D:\\Office folder\\nextjs\\Course Enrollment\\Backend\\form-api\\utils\\sendEmail.js": {"path":"D:\\Office folder\\nextjs\\Course Enrollment\\Backend\\form-api\\utils\\sendEmail.js","statementMap":{"0":{"start":{"line":1,"column":19},"end":{"line":1,"column":40}},"1":{"start":{"line":3,"column":0},"end":{"line":24,"column":2}},"2":{"start":{"line":4,"column":2},"end":{"line":23,"column":3}},"3":{"start":{"line":5,"column":24},"end":{"line":11,"column":6}},"4":{"start":{"line":13,"column":4},"end":{"line":18,"column":7}},"5":{"start":{"line":20,"column":4},"end":{"line":20,"column":43}},"6":{"start":{"line":22,"column":4},"end":{"line":22,"column":39}}},"fnMap":{"0":{"name":"(anonymous_0)","decl":{"start":{"line":3,"column":17},"end":{"line":3,"column":18}},"loc":{"start":{"line":3,"column":46},"end":{"line":24,"column":1}},"line":3}},"branchMap":{},"s":{"0":1,"1":1,"2":0,"3":0,"4":0,"5":0,"6":0},"f":{"0":0},"b":{},"_coverageSchema":"1a1c01bbd47fc00a2c39e90264f33305004495a9","hash":"f657aecb8bc37f0f3a106f042a1ad8e487c11ccc"}
,"D:\\Office folder\\nextjs\\Course Enrollment\\Backend\\form-api\\utils\\updateCourseRating.js": {"path":"D:\\Office folder\\nextjs\\Course Enrollment\\Backend\\form-api\\utils\\updateCourseRating.js","statementMap":{"0":{"start":{"line":1,"column":15},"end":{"line":1,"column":47}},"1":{"start":{"line":2,"column":15},"end":{"line":2,"column":47}},"2":{"start":{"line":4,"column":27},"end":{"line":29,"column":1}},"3":{"start":{"line":5,"column":16},"end":{"line":16,"column":4}},"4":{"start":{"line":18,"column":2},"end":{"line":28,"column":3}},"5":{"start":{"line":19,"column":4},"end":{"line":22,"column":7}},"6":{"start":{"line":24,"column":4},"end":{"line":27,"column":7}},"7":{"start":{"line":31,"column":0},"end":{"line":31,"column":36}}},"fnMap":{"0":{"name":"(anonymous_0)","decl":{"start":{"line":4,"column":27},"end":{"line":4,"column":28}},"loc":{"start":{"line":4,"column":47},"end":{"line":29,"column":1}},"line":4}},"branchMap":{"0":{"loc":{"start":{"line":18,"column":2},"end":{"line":28,"column":3}},"type":"if","locations":[{"start":{"line":18,"column":2},"end":{"line":28,"column":3}},{"start":{"line":23,"column":9},"end":{"line":28,"column":3}}],"line":18}},"s":{"0":0,"1":0,"2":0,"3":0,"4":0,"5":0,"6":0,"7":0},"f":{"0":0},"b":{"0":[0,0]}}
}
