TN:
SF:controllers\admin.allCourses.js
FN:3,(anonymous_0)
FNF:1
FNH:1
FNDA:2,(anonymous_0)
DA:1,1
DA:3,1
DA:4,2
DA:5,2
DA:7,1
DA:13,1
LF:6
LH:6
BRF:0
BRH:0
end_of_record
TN:
SF:controllers\admin.changeUserRole.js
FN:3,(anonymous_0)
FNF:1
FNH:1
FNDA:2,(anonymous_0)
DA:1,1
DA:3,1
DA:4,2
DA:5,2
DA:7,2
DA:8,1
DA:11,1
DA:17,1
DA:18,1
DA:21,0
DA:23,0
LF:11
LH:9
BRDA:7,0,0,1
BRDA:7,0,1,1
BRDA:17,1,0,1
BRDA:17,1,1,0
BRF:4
BRH:3
end_of_record
TN:
SF:controllers\admin.createCourse.js
FN:3,(anonymous_0)
FNF:1
FNH:1
FNDA:3,(anonymous_0)
DA:1,1
DA:3,1
DA:4,3
DA:5,3
DA:7,3
DA:8,1
DA:13,2
DA:14,2
DA:15,1
DA:20,1
DA:28,1
DA:34,0
LF:12
LH:11
BRDA:7,0,0,1
BRDA:7,0,1,2
BRDA:7,1,0,3
BRDA:7,1,1,2
BRDA:14,2,0,1
BRDA:14,2,1,1
BRDA:22,3,0,1
BRDA:22,3,1,1
BRDA:24,4,0,1
BRDA:24,4,1,1
BRF:10
BRH:10
end_of_record
TN:
SF:controllers\admin.createLesson.js
FN:4,(anonymous_0)
FNF:1
FNH:1
FNDA:3,(anonymous_0)
DA:1,1
DA:2,1
DA:4,1
DA:5,3
DA:6,3
DA:7,3
DA:9,3
DA:11,2
DA:12,1
DA:15,1
DA:22,1
DA:27,1
LF:12
LH:12
BRDA:11,0,0,1
BRDA:11,0,1,1
BRF:2
BRH:2
end_of_record
TN:
SF:controllers\admin.createUser.js
FN:4,(anonymous_0)
FNF:1
FNH:1
FNDA:3,(anonymous_0)
DA:1,1
DA:2,1
DA:4,1
DA:5,3
DA:6,3
DA:8,3
DA:9,1
DA:14,2
DA:15,2
DA:16,1
DA:19,1
DA:22,1
DA:24,1
DA:35,1
DA:36,1
DA:38,1
DA:44,0
LF:17
LH:16
BRDA:8,0,0,1
BRDA:8,0,1,2
BRDA:8,1,0,3
BRDA:8,1,1,2
BRDA:8,1,2,2
BRDA:8,1,3,2
BRDA:15,2,0,1
BRDA:15,2,1,1
BRDA:22,3,0,1
BRDA:22,3,1,0
BRDA:22,4,0,1
BRDA:22,4,1,1
BRF:12
BRH:11
end_of_record
TN:
SF:controllers\admin.dashboard.js
FN:6,(anonymous_0)
FNF:1
FNH:1
FNDA:2,(anonymous_0)
DA:1,1
DA:2,1
DA:3,1
DA:4,1
DA:6,1
DA:7,2
DA:8,2
DA:9,1
DA:10,1
DA:11,1
DA:13,1
DA:20,1
LF:12
LH:12
BRF:0
BRH:0
end_of_record
TN:
SF:controllers\admin.deleteCourse.js
FN:3,(anonymous_0)
FNF:1
FNH:1
FNDA:2,(anonymous_0)
DA:1,1
DA:3,1
DA:4,2
DA:5,2
DA:7,2
DA:9,2
DA:10,1
DA:15,1
DA:17,1
DA:22,0
LF:10
LH:9
BRDA:9,0,0,1
BRDA:9,0,1,1
BRF:2
BRH:2
end_of_record
TN:
SF:controllers\admin.deleteLesson.js
FN:3,(anonymous_0)
FNF:1
FNH:1
FNDA:2,(anonymous_0)
DA:1,1
DA:3,1
DA:4,2
DA:5,2
DA:7,1
DA:9,1
LF:6
LH:6
BRF:0
BRH:0
end_of_record
TN:
SF:controllers\admin.deleteUser.js
FN:3,(anonymous_0)
FNF:1
FNH:1
FNDA:2,(anonymous_0)
DA:1,1
DA:3,1
DA:4,2
DA:5,2
DA:7,2
DA:8,1
DA:11,1
DA:13,0
LF:8
LH:7
BRDA:7,0,0,1
BRDA:7,0,1,1
BRF:2
BRH:2
end_of_record
TN:
SF:controllers\admin.enrolledBy.user.js
FN:3,(anonymous_0)
FNF:1
FNH:1
FNDA:1,(anonymous_0)
DA:1,1
DA:3,1
DA:4,1
DA:5,1
DA:7,1
DA:11,1
DA:18,0
LF:7
LH:6
BRF:0
BRH:0
end_of_record
TN:
SF:controllers\admin.getUser.js
FN:3,(anonymous_0)
FNF:1
FNH:1
FNDA:2,(anonymous_0)
DA:1,1
DA:3,1
DA:4,2
DA:5,2
DA:7,2
DA:8,1
DA:11,1
DA:13,0
LF:8
LH:7
BRDA:7,0,0,1
BRDA:7,0,1,1
BRF:2
BRH:2
end_of_record
TN:
SF:controllers\admin.updateCourse.js
FN:3,(anonymous_0)
FNF:1
FNH:1
FNDA:2,(anonymous_0)
DA:1,1
DA:3,1
DA:4,2
DA:5,2
DA:8,2
DA:10,2
DA:12,2
DA:13,1
DA:18,1
DA:19,1
DA:20,1
DA:21,1
DA:22,1
DA:23,1
DA:25,1
DA:27,1
DA:33,0
LF:17
LH:16
BRDA:12,0,0,1
BRDA:12,0,1,1
BRDA:18,1,0,1
BRDA:18,1,1,0
BRDA:19,2,0,0
BRDA:19,2,1,1
BRDA:20,3,0,0
BRDA:20,3,1,1
BRDA:21,4,0,0
BRDA:21,4,1,1
BRDA:22,5,0,0
BRDA:22,5,1,1
BRDA:23,6,0,0
BRDA:23,6,1,1
BRF:14
BRH:8
end_of_record
TN:
SF:controllers\admin.updateLesson.js
FN:3,(anonymous_0)
FNF:1
FNH:1
FNDA:3,(anonymous_0)
DA:1,1
DA:3,1
DA:4,3
DA:5,3
DA:11,2
DA:12,1
DA:15,1
DA:17,1
LF:8
LH:8
BRDA:11,0,0,1
BRDA:11,0,1,1
BRF:2
BRH:2
end_of_record
TN:
SF:controllers\admin.viewUser.js
FN:3,(anonymous_0)
FNF:1
FNH:1
FNDA:1,(anonymous_0)
DA:1,1
DA:3,1
DA:4,1
DA:5,1
DA:7,1
DA:13,0
LF:6
LH:5
BRF:0
BRH:0
end_of_record
TN:
SF:controllers\certificateController.js
FN:11,(anonymous_0)
FN:57,(anonymous_1)
FN:74,(anonymous_2)
FN:84,(anonymous_3)
FN:102,(anonymous_4)
FN:113,(anonymous_5)
FNF:6
FNH:4
FNDA:4,(anonymous_0)
FNDA:2,(anonymous_1)
FNDA:0,(anonymous_2)
FNDA:3,(anonymous_3)
FNDA:0,(anonymous_4)
FNDA:2,(anonymous_5)
DA:1,1
DA:2,1
DA:3,1
DA:5,1
DA:6,1
DA:7,1
DA:8,1
DA:11,1
DA:12,4
DA:13,4
DA:14,4
DA:16,4
DA:21,3
DA:22,1
DA:25,2
DA:26,2
DA:28,2
DA:29,1
DA:32,1
DA:34,1
DA:41,1
DA:49,1
DA:52,1
DA:57,1
DA:58,2
DA:59,2
DA:61,2
DA:66,2
DA:67,2
DA:68,2
DA:69,2
DA:70,2
DA:71,2
DA:72,1
DA:74,1
DA:78,2
DA:80,0
DA:84,1
DA:85,3
DA:86,3
DA:87,3
DA:89,3
DA:94,3
DA:95,1
DA:98,2
DA:99,2
DA:101,2
DA:102,1
DA:103,1
DA:106,1
DA:109,0
DA:113,1
DA:114,2
DA:115,2
DA:117,2
DA:121,2
DA:122,1
DA:125,1
DA:133,0
DA:137,1
LF:60
LH:57
BRDA:21,0,0,1
BRDA:21,0,1,2
BRDA:28,1,0,1
BRDA:28,1,1,1
BRDA:28,2,0,2
BRDA:28,2,1,1
BRDA:38,3,0,1
BRDA:38,3,1,0
BRDA:45,4,0,1
BRDA:45,4,1,0
BRDA:69,5,0,2
BRDA:69,5,1,0
BRDA:71,6,0,1
BRDA:71,6,1,1
BRDA:94,7,0,1
BRDA:94,7,1,2
BRDA:98,8,0,2
BRDA:98,8,1,0
BRDA:101,9,0,1
BRDA:101,9,1,1
BRDA:121,10,0,1
BRDA:121,10,1,1
BRF:22
BRH:18
end_of_record
TN:
SF:controllers\dashboardController.js
FN:6,(anonymous_0)
FN:16,(anonymous_1)
FNF:2
FNH:2
FNDA:3,(anonymous_0)
FNDA:2,(anonymous_1)
DA:1,1
DA:2,1
DA:4,1
DA:6,1
DA:7,3
DA:8,3
DA:10,3
DA:14,2
DA:15,2
DA:16,2
DA:18,2
DA:23,1
LF:12
LH:12
BRDA:15,0,0,1
BRDA:15,0,1,1
BRF:2
BRH:2
end_of_record
TN:
SF:controllers\enrollController.js
FN:5,(anonymous_0)
FN:35,(anonymous_1)
FN:44,(anonymous_2)
FNF:3
FNH:3
FNDA:3,(anonymous_0)
FNDA:4,(anonymous_1)
FNDA:2,(anonymous_2)
DA:1,1
DA:2,1
DA:3,1
DA:5,1
DA:6,3
DA:7,3
DA:8,3
DA:10,3
DA:15,2
DA:16,1
DA:19,1
DA:26,1
DA:31,1
DA:35,1
DA:36,4
DA:37,4
DA:39,4
DA:43,3
DA:45,2
DA:46,2
DA:47,2
DA:51,2
DA:55,2
DA:58,2
DA:60,2
DA:68,3
DA:70,1
LF:27
LH:27
BRDA:15,0,0,1
BRDA:15,0,1,1
BRDA:51,1,0,2
BRDA:51,1,1,0
BRDA:55,2,0,2
BRDA:55,2,1,0
BRDA:58,3,0,1
BRDA:58,3,1,1
BRF:8
BRH:6
end_of_record
TN:
SF:controllers\lessonController.js
FN:3,(anonymous_0)
FN:32,(anonymous_1)
FN:45,(anonymous_2)
FN:60,(anonymous_3)
FN:85,(anonymous_4)
FNF:5
FNH:5
FNDA:3,(anonymous_0)
FNDA:2,(anonymous_1)
FNDA:3,(anonymous_2)
FNDA:3,(anonymous_3)
FNDA:3,(anonymous_4)
DA:1,1
DA:3,1
DA:4,3
DA:5,3
DA:7,3
DA:9,3
DA:10,1
DA:15,2
DA:22,1
DA:28,1
DA:32,1
DA:33,2
DA:34,2
DA:36,2
DA:38,1
DA:41,1
DA:45,1
DA:46,3
DA:47,3
DA:49,2
DA:50,1
DA:53,1
DA:56,1
DA:60,1
DA:61,3
DA:62,3
DA:63,3
DA:65,3
DA:71,2
DA:72,1
DA:75,1
DA:81,1
DA:85,1
DA:86,3
DA:87,3
DA:89,2
DA:90,1
DA:93,1
DA:98,1
LF:39
LH:39
BRDA:7,0,0,3
BRDA:7,0,1,1
BRDA:9,1,0,1
BRDA:9,1,1,2
BRDA:9,2,0,3
BRDA:9,2,1,2
BRDA:9,2,2,2
BRDA:9,2,3,2
BRDA:49,3,0,1
BRDA:49,3,1,1
BRDA:71,4,0,1
BRDA:71,4,1,1
BRDA:89,5,0,1
BRDA:89,5,1,1
BRF:14
BRH:14
end_of_record
TN:
SF:controllers\passwordController.js
FN:6,(anonymous_0)
FN:32,(anonymous_1)
FNF:2
FNH:2
FNDA:2,(anonymous_0)
FNDA:2,(anonymous_1)
DA:1,1
DA:2,1
DA:3,1
DA:4,1
DA:6,1
DA:7,2
DA:8,2
DA:10,2
DA:12,1
DA:14,1
DA:19,1
DA:20,1
DA:22,1
DA:23,1
DA:29,1
DA:32,1
DA:33,2
DA:38,2
DA:43,2
DA:44,1
DA:46,1
DA:47,1
DA:48,1
DA:49,1
DA:51,1
LF:25
LH:25
BRDA:10,0,0,1
BRDA:10,0,1,1
BRDA:43,1,0,1
BRDA:43,1,1,1
BRF:4
BRH:4
end_of_record
TN:
SF:controllers\profileController.js
FN:6,(anonymous_0)
FN:35,(anonymous_1)
FN:74,(anonymous_2)
FNF:3
FNH:3
FNDA:3,(anonymous_0)
FNDA:3,(anonymous_1)
FNDA:4,(anonymous_2)
DA:1,1
DA:2,1
DA:3,1
DA:6,1
DA:7,3
DA:8,3
DA:10,3
DA:12,2
DA:13,1
DA:16,1
DA:20,1
DA:30,1
DA:35,1
DA:36,3
DA:37,3
DA:50,2
DA:51,1
DA:54,1
DA:58,1
DA:69,1
DA:74,1
DA:75,4
DA:76,4
DA:78,3
DA:79,1
DA:82,2
DA:84,2
DA:86,2
DA:87,1
DA:90,1
DA:91,1
DA:93,1
DA:95,1
LF:33
LH:33
BRDA:12,0,0,1
BRDA:12,0,1,1
BRDA:50,1,0,1
BRDA:50,1,1,1
BRDA:78,2,0,1
BRDA:78,2,1,2
BRDA:86,3,0,1
BRDA:86,3,1,1
BRF:8
BRH:8
end_of_record
TN:
SF:controllers\progressController.js
FN:9,(anonymous_0)
FN:16,(anonymous_1)
FN:22,(anonymous_2)
FN:30,(anonymous_3)
FN:79,(anonymous_4)
FNF:5
FNH:5
FNDA:2,(anonymous_0)
FNDA:1,(anonymous_1)
FNDA:6,(anonymous_2)
FNDA:4,(anonymous_3)
FNDA:8,(anonymous_4)
DA:1,1
DA:2,1
DA:3,1
DA:4,1
DA:5,1
DA:6,1
DA:7,1
DA:9,1
DA:10,2
DA:11,2
DA:13,2
DA:15,2
DA:16,1
DA:19,2
DA:22,1
DA:23,6
DA:24,6
DA:25,6
DA:27,6
DA:29,5
DA:30,4
DA:33,5
DA:34,1
DA:39,4
DA:40,1
DA:41,1
DA:44,5
DA:46,5
DA:49,5
DA:52,5
DA:53,2
DA:58,2
DA:59,1
DA:60,1
DA:62,1
DA:64,1
DA:70,1
DA:79,5
DA:80,8
DA:83,5
DA:89,1
LF:41
LH:41
BRDA:15,0,0,1
BRDA:15,0,1,1
BRDA:33,1,0,1
BRDA:33,1,1,4
BRDA:39,2,0,1
BRDA:39,2,1,3
BRDA:49,3,0,5
BRDA:49,3,1,0
BRDA:52,4,0,2
BRDA:52,4,1,3
BRDA:58,5,0,1
BRDA:58,5,1,1
BRF:12
BRH:11
end_of_record
TN:
SF:controllers\ratingController.js
FN:7,(anonymous_0)
FN:73,(anonymous_1)
FN:90,(anonymous_2)
FN:101,(anonymous_3)
FN:115,(anonymous_4)
FNF:5
FNH:5
FNDA:5,(anonymous_0)
FNDA:3,(anonymous_1)
FNDA:2,(anonymous_2)
FNDA:2,(anonymous_3)
FNDA:2,(anonymous_4)
DA:1,1
DA:2,1
DA:3,1
DA:4,1
DA:5,1
DA:7,1
DA:8,5
DA:9,5
DA:10,5
DA:13,5
DA:18,4
DA:19,1
DA:25,3
DA:26,3
DA:27,3
DA:32,3
DA:34,3
DA:35,1
DA:47,2
DA:52,2
DA:53,1
DA:54,1
DA:55,1
DA:57,1
DA:66,2
DA:68,2
DA:71,2
DA:73,3
DA:75,2
DA:80,2
DA:85,1
DA:90,1
DA:91,2
DA:92,2
DA:93,2
DA:97,1
DA:99,1
DA:101,2
DA:103,1
DA:110,1
DA:115,1
DA:116,2
DA:117,2
DA:118,2
DA:122,1
DA:125,1
LF:46
LH:46
BRDA:18,0,0,1
BRDA:18,0,1,3
BRDA:27,1,0,3
BRDA:27,1,1,0
BRDA:32,2,0,3
BRDA:32,2,1,0
BRDA:34,3,0,1
BRDA:34,3,1,2
BRDA:52,4,0,1
BRDA:52,4,1,1
BRDA:71,5,0,0
BRDA:71,5,1,2
BRDA:99,6,0,0
BRDA:99,6,1,1
BRF:14
BRH:10
end_of_record
TN:
SF:controllers\studentController.js
FN:10,(anonymous_0)
FN:60,(anonymous_1)
FN:118,(anonymous_2)
FN:154,(anonymous_3)
FNF:4
FNH:2
FNDA:4,(anonymous_0)
FNDA:5,(anonymous_1)
FNDA:0,(anonymous_2)
FNDA:0,(anonymous_3)
DA:1,2
DA:2,2
DA:3,2
DA:4,2
DA:7,2
DA:10,2
DA:11,4
DA:14,4
DA:16,4
DA:25,1
DA:28,3
DA:30,2
DA:31,1
DA:34,1
DA:36,1
DA:47,1
DA:50,1
DA:56,1
DA:60,2
DA:61,5
DA:62,5
DA:64,5
DA:65,1
DA:70,4
DA:71,3
DA:72,1
DA:75,2
DA:76,2
DA:77,1
DA:81,1
DA:83,1
DA:93,1
DA:101,1
DA:108,1
DA:114,1
DA:118,2
DA:119,0
DA:121,0
DA:122,0
DA:125,0
DA:126,0
DA:129,0
DA:131,0
DA:132,0
DA:136,0
DA:138,0
DA:148,0
DA:150,0
DA:154,2
DA:155,0
DA:156,0
DA:159,2
LF:52
LH:38
BRDA:7,0,0,2
BRDA:7,0,1,2
BRDA:16,1,0,1
BRDA:16,1,1,3
BRDA:17,2,0,4
BRDA:17,2,1,3
BRDA:17,2,2,3
BRDA:17,2,3,3
BRDA:17,2,4,3
BRDA:17,2,5,3
BRDA:17,2,6,3
BRDA:30,3,0,1
BRDA:30,3,1,1
BRDA:64,4,0,1
BRDA:64,4,1,4
BRDA:64,5,0,5
BRDA:64,5,1,4
BRDA:71,6,0,1
BRDA:71,6,1,2
BRDA:76,7,0,1
BRDA:76,7,1,1
BRDA:81,8,0,1
BRDA:81,8,1,0
BRDA:121,9,0,0
BRDA:121,9,1,0
BRDA:131,10,0,0
BRDA:131,10,1,0
BRDA:136,11,0,0
BRDA:136,11,1,0
BRF:29
BRH:22
end_of_record
TN:
SF:controllers\userCourses.js
FN:1,(anonymous_0)
FNF:1
FNH:0
FNDA:0,(anonymous_0)
DA:1,0
DA:2,0
DA:3,0
DA:5,0
DA:9,0
DA:11,0
LF:6
LH:0
BRF:0
BRH:0
end_of_record
TN:
SF:middleware\adminMiddleware.js
FN:1,(anonymous_0)
FNF:1
FNH:0
FNDA:0,(anonymous_0)
DA:1,0
DA:2,0
DA:3,0
DA:6,0
LF:4
LH:0
BRDA:2,0,0,0
BRDA:2,0,1,0
BRDA:2,1,0,0
BRDA:2,1,1,0
BRF:4
BRH:0
end_of_record
TN:
SF:middleware\authMiddleware.js
FN:3,(anonymous_0)
FNF:1
FNH:1
FNDA:3,(anonymous_0)
DA:1,1
DA:3,1
DA:4,3
DA:6,3
DA:7,1
DA:10,2
DA:11,2
DA:12,2
DA:14,1
DA:15,1
DA:17,1
LF:11
LH:11
BRDA:6,0,0,1
BRDA:6,0,1,2
BRDA:6,1,0,3
BRDA:6,1,1,2
BRF:4
BRH:4
end_of_record
TN:
SF:utils\certificateGenerator.js
FN:7,(anonymous_0)
FNF:1
FNH:0
FNDA:0,(anonymous_0)
DA:1,1
DA:2,1
DA:3,1
DA:5,1
DA:7,1
DA:8,0
DA:12,0
DA:14,0
DA:23,0
DA:25,0
DA:26,0
DA:29,0
DA:31,0
DA:32,0
DA:34,0
DA:40,0
DA:42,0
DA:45,1
LF:18
LH:6
BRDA:25,0,0,0
BRDA:25,0,1,0
BRF:2
BRH:0
end_of_record
TN:
SF:utils\sendEmail.js
FN:3,(anonymous_0)
FNF:1
FNH:0
FNDA:0,(anonymous_0)
DA:1,1
DA:3,1
DA:4,0
DA:5,0
DA:13,0
DA:20,0
DA:22,0
LF:7
LH:2
BRF:0
BRH:0
end_of_record
TN:
SF:utils\updateCourseRating.js
FN:4,(anonymous_0)
FNF:1
FNH:0
FNDA:0,(anonymous_0)
DA:1,0
DA:2,0
DA:4,0
DA:5,0
DA:18,0
DA:19,0
DA:24,0
DA:31,0
LF:8
LH:0
BRDA:18,0,0,0
BRDA:18,0,1,0
BRF:2
BRH:0
end_of_record
